[INFO]	18/03/2025 07:12:04 PM - Iniciando execução do algoritmo PPO-real para o evento Scaling in PCK com 100000 timesteps
[INFO]	18/03/2025 07:12:04 PM - Iniciando treinamento do algoritmo PPO com 100000 timesteps
[INFO]	18/03/2025 07:14:43 PM - Modelo final salvo em ..\models\Scaling in PCK-real\PPO\_PPO
[INFO]	18/03/2025 07:14:43 PM - Tempo de Treinamento PPO: 159.54s
[INFO]	18/03/2025 07:14:43 PM - Iniciando avaliação do algoritmo PPO no conjunto de teste
[INFO]	18/03/2025 07:14:43 PM - Avaliando o modelo PPO em ..\models\Scaling in PCK-real\PPO com 1 episódios.
[INFO]	18/03/2025 07:14:58 PM - Average accuracy for PPO: 0.8322953060914476
[INFO]	18/03/2025 07:14:58 PM - Acurácia: 0.83230 com 100000 timesteps
[INFO]	18/03/2025 07:14:58 PM - Iniciando a validação do modelo PPO
[INFO]	18/03/2025 07:14:58 PM - ValidationModel criado para o modelo 'PPO' e evento 'Scaling in PCK'.
[INFO]	18/03/2025 07:14:58 PM - Iniciando validação individual. Acurácia=0.832 > 0.80
[INFO]	18/03/2025 07:14:58 PM - Separados 5 grupos de instâncias para validação.
[INFO]	18/03/2025 07:14:58 PM - Predição da 1ª instância de validação com modelo 'PPO'.
[INFO]	18/03/2025 07:14:59 PM - Instância 1: Acurácia=91.242%, TN=45.747%, TP=45.495%
[INFO]	18/03/2025 07:14:59 PM - Instância 1: Precision=0.997, Recall=0.841, F1=0.912.
[INFO]	18/03/2025 07:15:01 PM - Predição da 2ª instância de validação com modelo 'PPO'.
[INFO]	18/03/2025 07:15:02 PM - Instância 2: Acurácia=40.518%, TN=40.518%, TP=0.000%
[INFO]	18/03/2025 07:15:02 PM - Instância 2: Precision=0.000, Recall=0.000, F1=0.000.
[INFO]	18/03/2025 07:15:03 PM - Predição da 3ª instância de validação com modelo 'PPO'.
[INFO]	18/03/2025 07:15:06 PM - Instância 3: Acurácia=99.569%, TN=31.944%, TP=67.625%
[INFO]	18/03/2025 07:15:06 PM - Instância 3: Precision=0.994, Recall=1.000, F1=0.997.
[INFO]	18/03/2025 07:15:08 PM - Predição da 4ª instância de validação com modelo 'PPO'.
[INFO]	18/03/2025 07:15:10 PM - Instância 4: Acurácia=89.074%, TN=0.000%, TP=89.074%
[INFO]	18/03/2025 07:15:10 PM - Instância 4: Precision=0.891, Recall=1.000, F1=0.942.
[INFO]	18/03/2025 07:15:12 PM - Predição da 5ª instância de validação com modelo 'PPO'.
[INFO]	18/03/2025 07:15:12 PM - Instância 5: Acurácia=60.123%, TN=60.123%, TP=0.000%
[INFO]	18/03/2025 07:15:12 PM - Instância 5: Precision=0.000, Recall=0.000, F1=0.000.
[INFO]	18/03/2025 07:15:14 PM - Gráfico de métricas salvo em ..\..\img\metrics\Métricas_Scaling in PCK_PPO.png
[INFO]	18/03/2025 07:15:14 PM - Métricas numéricas salvas (append) em ..\metrics\Métricas_Scaling in PCK_PPO.txt
[INFO]	18/03/2025 07:15:14 PM - Acurácia final: 76.105% no conjunto de dados de validação
[INFO]	18/03/2025 07:15:14 PM - Precision=0.576, Recall=0.568, F1=0.570
[INFO]	18/03/2025 07:15:14 PM - Métricas calculadas para 3 wells.
[INFO]	18/03/2025 07:15:14 PM - Gráfico de acurácia por well salvo em ..\..\img\metrics\ACC-WELL_Scaling in PCK_PPO_100000.png
[INFO]	18/03/2025 07:15:14 PM - Métricas (well) salvas/atualizadas em ..\..\metrics\acc_by_well.csv
[INFO]	18/03/2025 07:15:14 PM - Concluído a execução do algoritmo PPO-real para o evento Scaling in PCK
