[INFO]	18/03/2025 07:19:55 PM - Iniciando execução do algoritmo PPO-real para o evento Scaling in PCK com 300000 timesteps
[INFO]	18/03/2025 07:19:55 PM - Iniciando treinamento do algoritmo PPO com 300000 timesteps
[INFO]	18/03/2025 07:29:27 PM - Modelo final salvo em ..\models\Scaling in PCK-real\PPO\_PPO
[INFO]	18/03/2025 07:29:27 PM - Tempo de Treinamento PPO: 571.5s
[INFO]	18/03/2025 07:29:27 PM - Iniciando avaliação do algoritmo PPO no conjunto de teste
[INFO]	18/03/2025 07:29:27 PM - Avaliando o modelo PPO em ..\models\Scaling in PCK-real\PPO com 1 episódios.
[INFO]	18/03/2025 07:29:55 PM - Average accuracy for PPO: 0.8520214405069334
[INFO]	18/03/2025 07:29:55 PM - Acurácia: 0.85202 com 300000 timesteps
[INFO]	18/03/2025 07:29:55 PM - Iniciando a validação do modelo PPO
[INFO]	18/03/2025 07:29:55 PM - ValidationModel criado para o modelo 'PPO' e evento 'Scaling in PCK'.
[INFO]	18/03/2025 07:29:55 PM - Iniciando validação individual. Acurácia=0.852 > 0.80
[INFO]	18/03/2025 07:29:55 PM - Separados 5 grupos de instâncias para validação.
[INFO]	18/03/2025 07:29:55 PM - Predição da 1ª instância de validação com modelo 'PPO'.
[INFO]	18/03/2025 07:29:57 PM - Instância 1: Acurácia=88.406%, TN=45.872%, TP=42.534%
[INFO]	18/03/2025 07:29:57 PM - Instância 1: Precision=1.000, Recall=0.786, F1=0.880.
[INFO]	18/03/2025 07:30:00 PM - Predição da 2ª instância de validação com modelo 'PPO'.
[INFO]	18/03/2025 07:30:01 PM - Instância 2: Acurácia=40.518%, TN=40.518%, TP=0.000%
[INFO]	18/03/2025 07:30:01 PM - Instância 2: Precision=0.000, Recall=0.000, F1=0.000.
[INFO]	18/03/2025 07:30:03 PM - Predição da 3ª instância de validação com modelo 'PPO'.
[INFO]	18/03/2025 07:30:11 PM - Instância 3: Acurácia=98.591%, TN=32.375%, TP=66.217%
[INFO]	18/03/2025 07:30:11 PM - Instância 3: Precision=1.000, Recall=0.979, F1=0.989.
[INFO]	18/03/2025 07:30:19 PM - Predição da 4ª instância de validação com modelo 'PPO'.
[INFO]	18/03/2025 07:30:23 PM - Instância 4: Acurácia=89.074%, TN=0.000%, TP=89.074%
[INFO]	18/03/2025 07:30:23 PM - Instância 4: Precision=0.891, Recall=1.000, F1=0.942.
[INFO]	18/03/2025 07:30:28 PM - Predição da 5ª instância de validação com modelo 'PPO'.
[INFO]	18/03/2025 07:30:30 PM - Instância 5: Acurácia=60.123%, TN=60.123%, TP=0.000%
[INFO]	18/03/2025 07:30:30 PM - Instância 5: Precision=0.000, Recall=0.000, F1=0.000.
[INFO]	18/03/2025 07:30:33 PM - Gráfico de métricas salvo em ..\..\img\metrics\Métricas_Scaling in PCK_PPO.png
[INFO]	18/03/2025 07:30:33 PM - Métricas numéricas salvas (append) em ..\metrics\Métricas_Scaling in PCK_PPO.txt
[INFO]	18/03/2025 07:30:33 PM - Acurácia final: 75.342% no conjunto de dados de validação
[INFO]	18/03/2025 07:30:33 PM - Precision=0.578, Recall=0.553, F1=0.562
[INFO]	18/03/2025 07:30:33 PM - Métricas calculadas para 3 wells.
[INFO]	18/03/2025 07:30:34 PM - Gráfico de acurácia por well salvo em ..\..\img\metrics\ACC-WELL_Scaling in PCK_PPO_300000.png
[INFO]	18/03/2025 07:30:34 PM - Métricas (well) salvas/atualizadas em ..\..\metrics\acc_by_well.csv
[INFO]	18/03/2025 07:30:34 PM - Concluído a execução do algoritmo PPO-real para o evento Scaling in PCK
