[INFO]	18/03/2025 03:33:56 PM - Iniciando execução do algoritmo DQN-real para o evento Spurious Closure of DHSV com 10000 timesteps
[INFO]	18/03/2025 03:33:56 PM - Iniciando treinamento do algoritmo DQN com 10000 timesteps
[INFO]	18/03/2025 03:34:03 PM - Modelo final salvo em ..\models\Spurious Closure of DHSV-real\DQN\_DQN
[INFO]	18/03/2025 03:34:03 PM - Replay buffer salvo em ..\models\Spurious Closure of DHSV-real\DQN\replay_buffer\dqn_save_replay_buffer
[INFO]	18/03/2025 03:34:03 PM - Tempo de Treinamento DQN: 6.69s
[INFO]	18/03/2025 03:34:03 PM - Iniciando avaliação do algoritmo DQN no conjunto de teste
[INFO]	18/03/2025 03:34:03 PM - Avaliando o modelo DQN em ..\models\Spurious Closure of DHSV-real\DQN com 1 episódios.
[INFO]	18/03/2025 03:34:04 PM - Average accuracy for DQN: 0.9153936545240893
[INFO]	18/03/2025 03:34:04 PM - Acurácia: 0.91539 com 10000 timesteps
[INFO]	18/03/2025 03:34:04 PM - Iniciando a validação do modelo DQN
[INFO]	18/03/2025 03:34:04 PM - ValidationModel criado para o modelo 'DQN' e evento 'Spurious Closure of DHSV'.
[INFO]	18/03/2025 03:34:04 PM - Iniciando validação individual. Acurácia=0.915 > 0.80
[INFO]	18/03/2025 03:34:04 PM - Separados 3 grupos de instâncias para validação.
[INFO]	18/03/2025 03:34:04 PM - Predição da 1ª instância de validação com modelo 'DQN'.
[INFO]	18/03/2025 03:34:04 PM - Instância 1: Acurácia=98.154%, TN=43.974%, TP=54.180%
[INFO]	18/03/2025 03:34:04 PM - Instância 1: Precision=1.000, Recall=0.967, F1=0.983.
[INFO]	18/03/2025 03:34:05 PM - Predição da 2ª instância de validação com modelo 'DQN'.
[INFO]	18/03/2025 03:34:05 PM - Instância 2: Acurácia=95.468%, TN=55.409%, TP=40.058%
[INFO]	18/03/2025 03:34:05 PM - Instância 2: Precision=1.000, Recall=0.898, F1=0.946.
[INFO]	18/03/2025 03:34:06 PM - Predição da 3ª instância de validação com modelo 'DQN'.
[INFO]	18/03/2025 03:34:06 PM - Instância 3: Acurácia=95.469%, TN=60.063%, TP=35.406%
[INFO]	18/03/2025 03:34:06 PM - Instância 3: Precision=1.000, Recall=0.887, F1=0.940.
[INFO]	18/03/2025 03:34:07 PM - Gráfico de métricas salvo em ..\..\img\metrics\Métricas_Spurious Closure of DHSV_DQN.png
[INFO]	18/03/2025 03:34:07 PM - Métricas numéricas salvas (append) em ..\metrics\Métricas_Spurious Closure of DHSV_DQN.txt
[INFO]	18/03/2025 03:34:07 PM - Acurácia final: 96.364% no conjunto de dados de validação
[INFO]	18/03/2025 03:34:07 PM - Precision=1.000, Recall=0.917, F1=0.957
[INFO]	18/03/2025 03:34:07 PM - Métricas calculadas para 3 wells.
[INFO]	18/03/2025 03:34:07 PM - Gráfico de acurácia por well salvo em ..\..\img\metrics\ACC-WELL_Spurious Closure of DHSV_DQN_10000.png
[INFO]	18/03/2025 03:34:07 PM - Métricas (well) salvas/atualizadas em ..\..\metrics\acc_by_well.csv
[INFO]	18/03/2025 03:34:07 PM - Concluído a execução do algoritmo DQN-real para o evento Spurious Closure of DHSV
