[INFO]	18/03/2025 03:43:27 PM - Iniciando execução do algoritmo PPO-real para o evento Spurious Closure of DHSV com 10000 timesteps
[INFO]	18/03/2025 03:43:27 PM - Iniciando treinamento do algoritmo PPO com 10000 timesteps
[INFO]	18/03/2025 03:43:42 PM - Modelo final salvo em ..\models\Spurious Closure of DHSV-real\PPO\_PPO
[INFO]	18/03/2025 03:43:42 PM - Tempo de Treinamento PPO: 14.9s
[INFO]	18/03/2025 03:43:42 PM - Iniciando avaliação do algoritmo PPO no conjunto de teste
[INFO]	18/03/2025 03:43:42 PM - Avaliando o modelo PPO em ..\models\Spurious Closure of DHSV-real\PPO com 1 episódios.
[INFO]	18/03/2025 03:43:42 PM - Average accuracy for PPO: 0.9247943595769683
[INFO]	18/03/2025 03:43:42 PM - Acurácia: 0.92479 com 10000 timesteps
[INFO]	18/03/2025 03:43:42 PM - Iniciando a validação do modelo PPO
[INFO]	18/03/2025 03:43:42 PM - ValidationModel criado para o modelo 'PPO' e evento 'Spurious Closure of DHSV'.
[INFO]	18/03/2025 03:43:42 PM - Iniciando validação individual. Acurácia=0.925 > 0.80
[INFO]	18/03/2025 03:43:42 PM - Separados 3 grupos de instâncias para validação.
[INFO]	18/03/2025 03:43:42 PM - Predição da 1ª instância de validação com modelo 'PPO'.
[INFO]	18/03/2025 03:43:42 PM - Instância 1: Acurácia=97.503%, TN=43.974%, TP=53.529%
[INFO]	18/03/2025 03:43:42 PM - Instância 1: Precision=1.000, Recall=0.955, F1=0.977.
[INFO]	18/03/2025 03:43:43 PM - Predição da 2ª instância de validação com modelo 'PPO'.
[INFO]	18/03/2025 03:43:43 PM - Instância 2: Acurácia=90.058%, TN=55.409%, TP=34.649%
[INFO]	18/03/2025 03:43:43 PM - Instância 2: Precision=1.000, Recall=0.777, F1=0.875.
[INFO]	18/03/2025 03:43:44 PM - Predição da 3ª instância de validação com modelo 'PPO'.
[INFO]	18/03/2025 03:43:45 PM - Instância 3: Acurácia=94.310%, TN=60.063%, TP=34.247%
[INFO]	18/03/2025 03:43:45 PM - Instância 3: Precision=1.000, Recall=0.858, F1=0.923.
[INFO]	18/03/2025 03:43:46 PM - Gráfico de métricas salvo em ..\..\img\metrics\Métricas_Spurious Closure of DHSV_PPO.png
[INFO]	18/03/2025 03:43:46 PM - Métricas numéricas salvas (append) em ..\metrics\Métricas_Spurious Closure of DHSV_PPO.txt
[INFO]	18/03/2025 03:43:46 PM - Acurácia final: 93.957% no conjunto de dados de validação
[INFO]	18/03/2025 03:43:46 PM - Precision=1.000, Recall=0.863, F1=0.925
[INFO]	18/03/2025 03:43:46 PM - Métricas calculadas para 3 wells.
[INFO]	18/03/2025 03:43:46 PM - Gráfico de acurácia por well salvo em ..\..\img\metrics\ACC-WELL_Spurious Closure of DHSV_PPO_10000.png
[INFO]	18/03/2025 03:43:46 PM - Métricas (well) salvas/atualizadas em ..\..\metrics\acc_by_well.csv
[INFO]	18/03/2025 03:43:46 PM - Concluído a execução do algoritmo PPO-real para o evento Spurious Closure of DHSV
