[INFO]	18/03/2025 03:46:26 PM - Iniciando execução do algoritmo PPO-real para o evento Spurious Closure of DHSV com 150000 timesteps
[INFO]	18/03/2025 03:46:26 PM - Iniciando treinamento do algoritmo PPO com 150000 timesteps
[INFO]	18/03/2025 03:50:27 PM - Modelo final salvo em ..\models\Spurious Closure of DHSV-real\PPO\_PPO
[INFO]	18/03/2025 03:50:27 PM - Tempo de Treinamento PPO: 240.91s
[INFO]	18/03/2025 03:50:27 PM - Iniciando avaliação do algoritmo PPO no conjunto de teste
[INFO]	18/03/2025 03:50:27 PM - Avaliando o modelo PPO em ..\models\Spurious Closure of DHSV-real\PPO com 1 episódios.
[INFO]	18/03/2025 03:50:27 PM - Average accuracy for PPO: 0.9753231492361927
[INFO]	18/03/2025 03:50:27 PM - Acurácia: 0.97532 com 150000 timesteps
[INFO]	18/03/2025 03:50:27 PM - Iniciando a validação do modelo PPO
[INFO]	18/03/2025 03:50:27 PM - ValidationModel criado para o modelo 'PPO' e evento 'Spurious Closure of DHSV'.
[INFO]	18/03/2025 03:50:27 PM - Iniciando validação individual. Acurácia=0.975 > 0.80
[INFO]	18/03/2025 03:50:27 PM - Separados 3 grupos de instâncias para validação.
[INFO]	18/03/2025 03:50:27 PM - Predição da 1ª instância de validação com modelo 'PPO'.
[INFO]	18/03/2025 03:50:28 PM - Instância 1: Acurácia=96.308%, TN=43.974%, TP=52.334%
[INFO]	18/03/2025 03:50:28 PM - Instância 1: Precision=1.000, Recall=0.934, F1=0.966.
[INFO]	18/03/2025 03:50:28 PM - Predição da 2ª instância de validação com modelo 'PPO'.
[INFO]	18/03/2025 03:50:29 PM - Instância 2: Acurácia=97.953%, TN=55.409%, TP=42.544%
[INFO]	18/03/2025 03:50:29 PM - Instância 2: Precision=1.000, Recall=0.954, F1=0.977.
[INFO]	18/03/2025 03:50:29 PM - Predição da 3ª instância de validação com modelo 'PPO'.
[INFO]	18/03/2025 03:50:30 PM - Instância 3: Acurácia=99.473%, TN=60.063%, TP=39.410%
[INFO]	18/03/2025 03:50:30 PM - Instância 3: Precision=1.000, Recall=0.987, F1=0.993.
[INFO]	18/03/2025 03:50:31 PM - Gráfico de métricas salvo em ..\..\img\metrics\Métricas_Spurious Closure of DHSV_PPO.png
[INFO]	18/03/2025 03:50:31 PM - Métricas numéricas salvas (append) em ..\metrics\Métricas_Spurious Closure of DHSV_PPO.txt
[INFO]	18/03/2025 03:50:31 PM - Acurácia final: 97.912% no conjunto de dados de validação
[INFO]	18/03/2025 03:50:31 PM - Precision=1.000, Recall=0.958, F1=0.979
[INFO]	18/03/2025 03:50:31 PM - Métricas calculadas para 3 wells.
[INFO]	18/03/2025 03:50:31 PM - Gráfico de acurácia por well salvo em ..\..\img\metrics\ACC-WELL_Spurious Closure of DHSV_PPO_150000.png
[INFO]	18/03/2025 03:50:31 PM - Métricas (well) salvas/atualizadas em ..\..\metrics\acc_by_well.csv
[INFO]	18/03/2025 03:50:31 PM - Concluído a execução do algoritmo PPO-real para o evento Spurious Closure of DHSV
