[INFO]	18/03/2025 03:37:53 PM - Iniciando execução do algoritmo DQN-real para o evento Spurious Closure of DHSV com 300000 timesteps
[INFO]	18/03/2025 03:37:53 PM - Iniciando treinamento do algoritmo DQN com 300000 timesteps
[INFO]	18/03/2025 03:43:20 PM - Modelo final salvo em ..\models\Spurious Closure of DHSV-real\DQN\_DQN
[INFO]	18/03/2025 03:43:20 PM - Replay buffer salvo em ..\models\Spurious Closure of DHSV-real\DQN\replay_buffer\dqn_save_replay_buffer
[INFO]	18/03/2025 03:43:20 PM - Tempo de Treinamento DQN: 326.66s
[INFO]	18/03/2025 03:43:20 PM - Iniciando avaliação do algoritmo DQN no conjunto de teste
[INFO]	18/03/2025 03:43:20 PM - Avaliando o modelo DQN em ..\models\Spurious Closure of DHSV-real\DQN com 1 episódios.
[INFO]	18/03/2025 03:43:20 PM - Average accuracy for DQN: 0.9404622013317665
[INFO]	18/03/2025 03:43:20 PM - Acurácia: 0.94046 com 300000 timesteps
[INFO]	18/03/2025 03:43:20 PM - Iniciando a validação do modelo DQN
[INFO]	18/03/2025 03:43:20 PM - ValidationModel criado para o modelo 'DQN' e evento 'Spurious Closure of DHSV'.
[INFO]	18/03/2025 03:43:20 PM - Iniciando validação individual. Acurácia=0.940 > 0.80
[INFO]	18/03/2025 03:43:20 PM - Separados 3 grupos de instâncias para validação.
[INFO]	18/03/2025 03:43:20 PM - Predição da 1ª instância de validação com modelo 'DQN'.
[INFO]	18/03/2025 03:43:20 PM - Instância 1: Acurácia=99.566%, TN=43.974%, TP=55.592%
[INFO]	18/03/2025 03:43:20 PM - Instância 1: Precision=1.000, Recall=0.992, F1=0.996.
[INFO]	18/03/2025 03:43:21 PM - Predição da 2ª instância de validação com modelo 'DQN'.
[INFO]	18/03/2025 03:43:21 PM - Instância 2: Acurácia=98.246%, TN=55.409%, TP=42.836%
[INFO]	18/03/2025 03:43:21 PM - Instância 2: Precision=1.000, Recall=0.961, F1=0.980.
[INFO]	18/03/2025 03:43:22 PM - Predição da 3ª instância de validação com modelo 'DQN'.
[INFO]	18/03/2025 03:43:22 PM - Instância 3: Acurácia=99.052%, TN=60.063%, TP=38.988%
[INFO]	18/03/2025 03:43:22 PM - Instância 3: Precision=1.000, Recall=0.976, F1=0.988.
[INFO]	18/03/2025 03:43:24 PM - Gráfico de métricas salvo em ..\..\img\metrics\Métricas_Spurious Closure of DHSV_DQN.png
[INFO]	18/03/2025 03:43:24 PM - Métricas numéricas salvas (append) em ..\metrics\Métricas_Spurious Closure of DHSV_DQN.txt
[INFO]	18/03/2025 03:43:24 PM - Acurácia final: 98.954% no conjunto de dados de validação
[INFO]	18/03/2025 03:43:24 PM - Precision=1.000, Recall=0.976, F1=0.988
[INFO]	18/03/2025 03:43:24 PM - Métricas calculadas para 3 wells.
[INFO]	18/03/2025 03:43:24 PM - Gráfico de acurácia por well salvo em ..\..\img\metrics\ACC-WELL_Spurious Closure of DHSV_DQN_300000.png
[INFO]	18/03/2025 03:43:24 PM - Métricas (well) salvas/atualizadas em ..\..\metrics\acc_by_well.csv
[INFO]	18/03/2025 03:43:24 PM - Concluído a execução do algoritmo DQN-real para o evento Spurious Closure of DHSV
