[INFO]	18/03/2025 03:34:07 PM - Iniciando execução do algoritmo DQN-real para o evento Spurious Closure of DHSV com 100000 timesteps
[INFO]	18/03/2025 03:34:07 PM - Iniciando treinamento do algoritmo DQN com 100000 timesteps
[INFO]	18/03/2025 03:35:30 PM - Modelo final salvo em ..\models\Spurious Closure of DHSV-real\DQN\_DQN
[INFO]	18/03/2025 03:35:30 PM - Replay buffer salvo em ..\models\Spurious Closure of DHSV-real\DQN\replay_buffer\dqn_save_replay_buffer
[INFO]	18/03/2025 03:35:30 PM - Tempo de Treinamento DQN: 82.33s
[INFO]	18/03/2025 03:35:30 PM - Iniciando avaliação do algoritmo DQN no conjunto de teste
[INFO]	18/03/2025 03:35:30 PM - Avaliando o modelo DQN em ..\models\Spurious Closure of DHSV-real\DQN com 1 episódios.
[INFO]	18/03/2025 03:35:30 PM - Average accuracy for DQN: 0.9447708578143361
[INFO]	18/03/2025 03:35:30 PM - Acurácia: 0.94477 com 100000 timesteps
[INFO]	18/03/2025 03:35:30 PM - Iniciando a validação do modelo DQN
[INFO]	18/03/2025 03:35:30 PM - ValidationModel criado para o modelo 'DQN' e evento 'Spurious Closure of DHSV'.
[INFO]	18/03/2025 03:35:30 PM - Iniciando validação individual. Acurácia=0.945 > 0.80
[INFO]	18/03/2025 03:35:30 PM - Separados 3 grupos de instâncias para validação.
[INFO]	18/03/2025 03:35:30 PM - Predição da 1ª instância de validação com modelo 'DQN'.
[INFO]	18/03/2025 03:35:30 PM - Instância 1: Acurácia=99.457%, TN=43.974%, TP=55.483%
[INFO]	18/03/2025 03:35:30 PM - Instância 1: Precision=1.000, Recall=0.990, F1=0.995.
[INFO]	18/03/2025 03:35:31 PM - Predição da 2ª instância de validação com modelo 'DQN'.
[INFO]	18/03/2025 03:35:31 PM - Instância 2: Acurácia=97.953%, TN=55.409%, TP=42.544%
[INFO]	18/03/2025 03:35:31 PM - Instância 2: Precision=1.000, Recall=0.954, F1=0.977.
[INFO]	18/03/2025 03:35:32 PM - Predição da 3ª instância de validação com modelo 'DQN'.
[INFO]	18/03/2025 03:35:32 PM - Instância 3: Acurácia=99.157%, TN=60.063%, TP=39.094%
[INFO]	18/03/2025 03:35:32 PM - Instância 3: Precision=1.000, Recall=0.979, F1=0.989.
[INFO]	18/03/2025 03:35:34 PM - Gráfico de métricas salvo em ..\..\img\metrics\Métricas_Spurious Closure of DHSV_DQN.png
[INFO]	18/03/2025 03:35:34 PM - Métricas numéricas salvas (append) em ..\metrics\Métricas_Spurious Closure of DHSV_DQN.txt
[INFO]	18/03/2025 03:35:34 PM - Acurácia final: 98.856% no conjunto de dados de validação
[INFO]	18/03/2025 03:35:34 PM - Precision=1.000, Recall=0.974, F1=0.987
[INFO]	18/03/2025 03:35:34 PM - Métricas calculadas para 3 wells.
[INFO]	18/03/2025 03:35:34 PM - Gráfico de acurácia por well salvo em ..\..\img\metrics\ACC-WELL_Spurious Closure of DHSV_DQN_100000.png
[INFO]	18/03/2025 03:35:34 PM - Métricas (well) salvas/atualizadas em ..\..\metrics\acc_by_well.csv
[INFO]	18/03/2025 03:35:34 PM - Concluído a execução do algoritmo DQN-real para o evento Spurious Closure of DHSV
