[INFO]	17/03/2025 11:24:57 AM - Iniciando execução do algoritmo DQN-simulated para o evento Abrupt Increase of BSW com timesteps 500000
[INFO]	17/03/2025 11:24:57 AM - Iniciando treinamento do algoritmo DQN com 500000 timesteps
[INFO]	17/03/2025 11:37:08 AM - Modelo final salvo em ..\models\Abrupt Increase of BSW-simulated\DQN\_DQN
[INFO]	17/03/2025 11:37:08 AM - Replay buffer salvo em ..\models\Abrupt Increase of BSW-simulated\DQN\replay_buffer\dqn_save_replay_buffer
[INFO]	17/03/2025 11:37:08 AM - Tempo de Treinamento DQN: 731.03s
[INFO]	17/03/2025 11:37:08 AM - Iniciando avaliação do algoritmo DQN no conjunto de teste
[INFO]	17/03/2025 11:37:08 AM - Avaliando o modelo DQN em ..\models\Abrupt Increase of BSW-simulated\DQN com 1 episódios.
[INFO]	17/03/2025 11:39:50 AM - Average accuracy for DQN: 0.8573291901210048
[INFO]	17/03/2025 11:39:50 AM - Acurácia: 0.85733
[INFO]	17/03/2025 11:39:50 AM - Iniciando a validação do modelo DQN
[INFO]	17/03/2025 11:39:50 AM - ValidationModel criado para o modelo 'DQN' e evento 'Abrupt Increase of BSW'.
[INFO]	17/03/2025 11:39:50 AM - Iniciando validação individual. Acurácia=0.857 > 0.80
[INFO]	17/03/2025 11:39:55 AM - Separados 1 grupos de instâncias para validação.
[INFO]	17/03/2025 11:39:55 AM - Predição da 1ª instância de validação com modelo 'DQN'.
[INFO]	17/03/2025 11:41:07 AM - Instância 1: Acurácia=92.279%, TN=6.240%, TP=86.039%
[INFO]	17/03/2025 11:41:07 AM - Instância 1: Precision=0.978, Recall=0.937, F1=0.957.
[INFO]	17/03/2025 11:41:07 AM - Gráfico de métricas salvo em ..\..\img\metrics\Métricas_Abrupt Increase of BSW_DQN.png
[INFO]	17/03/2025 11:41:07 AM - Métricas numéricas salvas em ..\metrics\Métricas_Abrupt Increase of BSW_DQN.txt
[INFO]	17/03/2025 11:41:07 AM - Acurácia final: 92.279% no conjunto de dados de validação
[INFO]	17/03/2025 11:41:07 AM - Precision=0.978, Recall=0.937, F1=0.957
[INFO]	17/03/2025 11:41:08 AM - Métricas calculadas para 114 wells.
[INFO]	17/03/2025 11:41:10 AM - Gráfico de acurácia por well salvo em ..\..\img\metrics\Acuracia_por_well_Abrupt Increase of BSW_DQN.png
[INFO]	17/03/2025 11:41:10 AM - Concluído a execução do algoritmo DQN-simulated para o evento Abrupt Increase of BSW
