[INFO]	18/03/2025 04:02:19 PM - Iniciando execução do algoritmo DQN-real para o evento Severe Slugging com 150000 timesteps
[INFO]	18/03/2025 04:02:19 PM - Iniciando treinamento do algoritmo DQN com 150000 timesteps
[INFO]	18/03/2025 04:04:33 PM - Modelo final salvo em ..\models\Severe Slugging-real\DQN\_DQN
[INFO]	18/03/2025 04:04:33 PM - Replay buffer salvo em ..\models\Severe Slugging-real\DQN\replay_buffer\dqn_save_replay_buffer
[INFO]	18/03/2025 04:04:33 PM - Tempo de Treinamento DQN: 134.27s
[INFO]	18/03/2025 04:04:33 PM - Iniciando avaliação do algoritmo DQN no conjunto de teste
[INFO]	18/03/2025 04:04:33 PM - Avaliando o modelo DQN em ..\models\Severe Slugging-real\DQN com 1 episódios.
[INFO]	18/03/2025 04:04:42 PM - Average accuracy for DQN: 0.9501257850570871
[INFO]	18/03/2025 04:04:42 PM - Acurácia: 0.95013 com 150000 timesteps
[INFO]	18/03/2025 04:04:42 PM - Iniciando a validação do modelo DQN
[INFO]	18/03/2025 04:04:42 PM - ValidationModel criado para o modelo 'DQN' e evento 'Severe Slugging'.
[INFO]	18/03/2025 04:04:42 PM - Iniciando validação individual. Acurácia=0.950 > 0.80
[INFO]	18/03/2025 04:04:43 PM - Separados 7 grupos de instâncias para validação.
[INFO]	18/03/2025 04:04:43 PM - Predição da 1ª instância de validação com modelo 'DQN'.
[INFO]	18/03/2025 04:04:43 PM - Instância 1: Acurácia=100.000%, TN=0.000%, TP=100.000%
[INFO]	18/03/2025 04:04:43 PM - Instância 1: Precision=1.000, Recall=1.000, F1=1.000.
[INFO]	18/03/2025 04:04:44 PM - Predição da 2ª instância de validação com modelo 'DQN'.
[INFO]	18/03/2025 04:04:45 PM - Instância 2: Acurácia=100.000%, TN=0.000%, TP=100.000%
[INFO]	18/03/2025 04:04:45 PM - Instância 2: Precision=1.000, Recall=1.000, F1=1.000.
[INFO]	18/03/2025 04:04:46 PM - Predição da 3ª instância de validação com modelo 'DQN'.
[INFO]	18/03/2025 04:04:47 PM - Instância 3: Acurácia=100.000%, TN=0.000%, TP=100.000%
[INFO]	18/03/2025 04:04:47 PM - Instância 3: Precision=1.000, Recall=1.000, F1=1.000.
[INFO]	18/03/2025 04:04:48 PM - Predição da 4ª instância de validação com modelo 'DQN'.
[INFO]	18/03/2025 04:04:48 PM - Instância 4: Acurácia=100.000%, TN=0.000%, TP=100.000%
[INFO]	18/03/2025 04:04:48 PM - Instância 4: Precision=1.000, Recall=1.000, F1=1.000.
[INFO]	18/03/2025 04:04:50 PM - Predição da 5ª instância de validação com modelo 'DQN'.
[INFO]	18/03/2025 04:04:51 PM - Instância 5: Acurácia=100.000%, TN=0.000%, TP=100.000%
[INFO]	18/03/2025 04:04:51 PM - Instância 5: Precision=1.000, Recall=1.000, F1=1.000.
[INFO]	18/03/2025 04:04:53 PM - Predição da 6ª instância de validação com modelo 'DQN'.
[INFO]	18/03/2025 04:04:55 PM - Instância 6: Acurácia=100.000%, TN=0.000%, TP=100.000%
[INFO]	18/03/2025 04:04:55 PM - Instância 6: Precision=1.000, Recall=1.000, F1=1.000.
[INFO]	18/03/2025 04:04:57 PM - Predição da 7ª instância de validação com modelo 'DQN'.
[INFO]	18/03/2025 04:04:57 PM - Instância 7: Acurácia=100.000%, TN=0.000%, TP=100.000%
[INFO]	18/03/2025 04:04:57 PM - Instância 7: Precision=1.000, Recall=1.000, F1=1.000.
[INFO]	18/03/2025 04:04:58 PM - Gráfico de métricas salvo em ..\..\img\metrics\Métricas_Severe Slugging_DQN.png
[INFO]	18/03/2025 04:04:58 PM - Métricas numéricas salvas (append) em ..\metrics\Métricas_Severe Slugging_DQN.txt
[INFO]	18/03/2025 04:04:58 PM - Acurácia final: 100.000% no conjunto de dados de validação
[INFO]	18/03/2025 04:04:58 PM - Precision=1.000, Recall=1.000, F1=1.000
[INFO]	18/03/2025 04:04:58 PM - Métricas calculadas para 2 wells.
[INFO]	18/03/2025 04:04:59 PM - Gráfico de acurácia por well salvo em ..\..\img\metrics\ACC-WELL_Severe Slugging_DQN_150000.png
[INFO]	18/03/2025 04:04:59 PM - Métricas (well) salvas/atualizadas em ..\..\metrics\acc_by_well.csv
[INFO]	18/03/2025 04:04:59 PM - Concluído a execução do algoritmo DQN-real para o evento Severe Slugging
