[INFO]	18/03/2025 03:59:57 PM - Iniciando execução do algoritmo DQN-real para o evento Severe Slugging com 10000 timesteps
[INFO]	18/03/2025 03:59:57 PM - Iniciando treinamento do algoritmo DQN com 10000 timesteps
[INFO]	18/03/2025 04:00:04 PM - Modelo final salvo em ..\models\Severe Slugging-real\DQN\_DQN
[INFO]	18/03/2025 04:00:04 PM - Replay buffer salvo em ..\models\Severe Slugging-real\DQN\replay_buffer\dqn_save_replay_buffer
[INFO]	18/03/2025 04:00:04 PM - Tempo de Treinamento DQN: 6.91s
[INFO]	18/03/2025 04:00:04 PM - Iniciando avaliação do algoritmo DQN no conjunto de teste
[INFO]	18/03/2025 04:00:04 PM - Avaliando o modelo DQN em ..\models\Severe Slugging-real\DQN com 1 episódios.
[INFO]	18/03/2025 04:00:14 PM - Average accuracy for DQN: 0.9480498918072586
[INFO]	18/03/2025 04:00:14 PM - Acurácia: 0.94805 com 10000 timesteps
[INFO]	18/03/2025 04:00:14 PM - Iniciando a validação do modelo DQN
[INFO]	18/03/2025 04:00:14 PM - ValidationModel criado para o modelo 'DQN' e evento 'Severe Slugging'.
[INFO]	18/03/2025 04:00:14 PM - Iniciando validação individual. Acurácia=0.948 > 0.80
[INFO]	18/03/2025 04:00:15 PM - Separados 7 grupos de instâncias para validação.
[INFO]	18/03/2025 04:00:15 PM - Predição da 1ª instância de validação com modelo 'DQN'.
[INFO]	18/03/2025 04:00:15 PM - Instância 1: Acurácia=100.000%, TN=0.000%, TP=100.000%
[INFO]	18/03/2025 04:00:15 PM - Instância 1: Precision=1.000, Recall=1.000, F1=1.000.
[INFO]	18/03/2025 04:00:16 PM - Predição da 2ª instância de validação com modelo 'DQN'.
[INFO]	18/03/2025 04:00:16 PM - Instância 2: Acurácia=100.000%, TN=0.000%, TP=100.000%
[INFO]	18/03/2025 04:00:16 PM - Instância 2: Precision=1.000, Recall=1.000, F1=1.000.
[INFO]	18/03/2025 04:00:18 PM - Predição da 3ª instância de validação com modelo 'DQN'.
[INFO]	18/03/2025 04:00:18 PM - Instância 3: Acurácia=100.000%, TN=0.000%, TP=100.000%
[INFO]	18/03/2025 04:00:18 PM - Instância 3: Precision=1.000, Recall=1.000, F1=1.000.
[INFO]	18/03/2025 04:00:19 PM - Predição da 4ª instância de validação com modelo 'DQN'.
[INFO]	18/03/2025 04:00:20 PM - Instância 4: Acurácia=100.000%, TN=0.000%, TP=100.000%
[INFO]	18/03/2025 04:00:20 PM - Instância 4: Precision=1.000, Recall=1.000, F1=1.000.
[INFO]	18/03/2025 04:00:21 PM - Predição da 5ª instância de validação com modelo 'DQN'.
[INFO]	18/03/2025 04:00:23 PM - Instância 5: Acurácia=100.000%, TN=0.000%, TP=100.000%
[INFO]	18/03/2025 04:00:23 PM - Instância 5: Precision=1.000, Recall=1.000, F1=1.000.
[INFO]	18/03/2025 04:00:24 PM - Predição da 6ª instância de validação com modelo 'DQN'.
[INFO]	18/03/2025 04:00:26 PM - Instância 6: Acurácia=100.000%, TN=0.000%, TP=100.000%
[INFO]	18/03/2025 04:00:26 PM - Instância 6: Precision=1.000, Recall=1.000, F1=1.000.
[INFO]	18/03/2025 04:00:28 PM - Predição da 7ª instância de validação com modelo 'DQN'.
[INFO]	18/03/2025 04:00:28 PM - Instância 7: Acurácia=100.000%, TN=0.000%, TP=100.000%
[INFO]	18/03/2025 04:00:28 PM - Instância 7: Precision=1.000, Recall=1.000, F1=1.000.
[INFO]	18/03/2025 04:00:30 PM - Gráfico de métricas salvo em ..\..\img\metrics\Métricas_Severe Slugging_DQN.png
[INFO]	18/03/2025 04:00:30 PM - Métricas numéricas salvas (append) em ..\metrics\Métricas_Severe Slugging_DQN.txt
[INFO]	18/03/2025 04:00:30 PM - Acurácia final: 100.000% no conjunto de dados de validação
[INFO]	18/03/2025 04:00:30 PM - Precision=1.000, Recall=1.000, F1=1.000
[INFO]	18/03/2025 04:00:30 PM - Métricas calculadas para 2 wells.
[INFO]	18/03/2025 04:00:30 PM - Gráfico de acurácia por well salvo em ..\..\img\metrics\ACC-WELL_Severe Slugging_DQN_10000.png
[INFO]	18/03/2025 04:00:30 PM - Métricas (well) salvas/atualizadas em ..\..\metrics\acc_by_well.csv
[INFO]	18/03/2025 04:00:30 PM - Concluído a execução do algoritmo DQN-real para o evento Severe Slugging
