[INFO]	18/03/2025 05:58:35 PM - Iniciando execução do algoritmo DQN-real para o evento Rapid Productivity Loss com 300000 timesteps
[INFO]	18/03/2025 05:58:35 PM - Iniciando treinamento do algoritmo DQN com 300000 timesteps
[INFO]	18/03/2025 06:04:34 PM - Modelo final salvo em ..\models\Rapid Productivity Loss-real\DQN\_DQN
[INFO]	18/03/2025 06:04:34 PM - Replay buffer salvo em ..\models\Rapid Productivity Loss-real\DQN\replay_buffer\dqn_save_replay_buffer
[INFO]	18/03/2025 06:04:34 PM - Tempo de Treinamento DQN: 358.5s
[INFO]	18/03/2025 06:04:34 PM - Iniciando avaliação do algoritmo DQN no conjunto de teste
[INFO]	18/03/2025 06:04:34 PM - Avaliando o modelo DQN em ..\models\Rapid Productivity Loss-real\DQN com 1 episódios.
[INFO]	18/03/2025 06:04:44 PM - Average accuracy for DQN: 0.8495716408776991
[INFO]	18/03/2025 06:04:44 PM - Acurácia: 0.84957 com 300000 timesteps
[INFO]	18/03/2025 06:04:44 PM - Iniciando a validação do modelo DQN
[INFO]	18/03/2025 06:04:44 PM - ValidationModel criado para o modelo 'DQN' e evento 'Rapid Productivity Loss'.
[INFO]	18/03/2025 06:04:44 PM - Iniciando validação individual. Acurácia=0.850 > 0.80
[INFO]	18/03/2025 06:04:44 PM - Separados 7 grupos de instâncias para validação.
[INFO]	18/03/2025 06:04:44 PM - Predição da 1ª instância de validação com modelo 'DQN'.
[INFO]	18/03/2025 06:04:46 PM - Instância 1: Acurácia=100.000%, TN=2.480%, TP=97.520%
[INFO]	18/03/2025 06:04:46 PM - Instância 1: Precision=1.000, Recall=1.000, F1=1.000.
[INFO]	18/03/2025 06:04:49 PM - Predição da 2ª instância de validação com modelo 'DQN'.
[INFO]	18/03/2025 06:04:50 PM - Instância 2: Acurácia=76.802%, TN=16.135%, TP=60.666%
[INFO]	18/03/2025 06:04:50 PM - Instância 2: Precision=0.999, Recall=0.724, F1=0.839.
[INFO]	18/03/2025 06:04:57 PM - Predição da 3ª instância de validação com modelo 'DQN'.
[INFO]	18/03/2025 06:04:58 PM - Instância 3: Acurácia=80.257%, TN=44.736%, TP=35.521%
[INFO]	18/03/2025 06:04:58 PM - Instância 3: Precision=0.997, Recall=0.644, F1=0.783.
[INFO]	18/03/2025 06:05:15 PM - Predição da 4ª instância de validação com modelo 'DQN'.
[INFO]	18/03/2025 06:05:16 PM - Instância 4: Acurácia=99.336%, TN=83.683%, TP=15.652%
[INFO]	18/03/2025 06:05:16 PM - Instância 4: Precision=0.999, Recall=0.960, F1=0.979.
[INFO]	18/03/2025 06:05:18 PM - Predição da 5ª instância de validação com modelo 'DQN'.
[INFO]	18/03/2025 06:05:18 PM - Instância 5: Acurácia=99.707%, TN=48.094%, TP=51.613%
[INFO]	18/03/2025 06:05:18 PM - Instância 5: Precision=1.000, Recall=0.994, F1=0.997.
[INFO]	18/03/2025 06:05:19 PM - Predição da 6ª instância de validação com modelo 'DQN'.
[INFO]	18/03/2025 06:05:19 PM - Instância 6: Acurácia=99.097%, TN=17.607%, TP=81.490%
[INFO]	18/03/2025 06:05:19 PM - Instância 6: Precision=0.994, Recall=0.994, F1=0.994.
[INFO]	18/03/2025 06:05:21 PM - Predição da 7ª instância de validação com modelo 'DQN'.
[INFO]	18/03/2025 06:05:21 PM - Instância 7: Acurácia=99.743%, TN=11.473%, TP=88.271%
[INFO]	18/03/2025 06:05:21 PM - Instância 7: Precision=1.000, Recall=0.997, F1=0.999.
[INFO]	18/03/2025 06:05:23 PM - Gráfico de métricas salvo em ..\..\img\metrics\Métricas_Rapid Productivity Loss_DQN.png
[INFO]	18/03/2025 06:05:23 PM - Métricas numéricas salvas (append) em ..\metrics\Métricas_Rapid Productivity Loss_DQN.txt
[INFO]	18/03/2025 06:05:23 PM - Acurácia final: 93.563% no conjunto de dados de validação
[INFO]	18/03/2025 06:05:23 PM - Precision=0.998, Recall=0.902, F1=0.942
[INFO]	18/03/2025 06:05:23 PM - Métricas calculadas para 3 wells.
[INFO]	18/03/2025 06:05:23 PM - Gráfico de acurácia por well salvo em ..\..\img\metrics\ACC-WELL_Rapid Productivity Loss_DQN_300000.png
[INFO]	18/03/2025 06:05:23 PM - Métricas (well) salvas/atualizadas em ..\..\metrics\acc_by_well.csv
[INFO]	18/03/2025 06:05:23 PM - Concluído a execução do algoritmo DQN-real para o evento Rapid Productivity Loss
