[INFO]	18/03/2025 06:06:26 PM - Iniciando execução do algoritmo PPO-real para o evento Rapid Productivity Loss com 100000 timesteps
[INFO]	18/03/2025 06:06:26 PM - Iniciando treinamento do algoritmo PPO com 100000 timesteps
[INFO]	18/03/2025 06:09:15 PM - Modelo final salvo em ..\models\Rapid Productivity Loss-real\PPO\_PPO
[INFO]	18/03/2025 06:09:15 PM - Tempo de Treinamento PPO: 169.87s
[INFO]	18/03/2025 06:09:15 PM - Iniciando avaliação do algoritmo PPO no conjunto de teste
[INFO]	18/03/2025 06:09:15 PM - Avaliando o modelo PPO em ..\models\Rapid Productivity Loss-real\PPO com 1 episódios.
[INFO]	18/03/2025 06:09:36 PM - Average accuracy for PPO: 0.8128332896232188
[INFO]	18/03/2025 06:09:36 PM - Acurácia: 0.81283 com 100000 timesteps
[INFO]	18/03/2025 06:09:36 PM - Iniciando a validação do modelo PPO
[INFO]	18/03/2025 06:09:36 PM - ValidationModel criado para o modelo 'PPO' e evento 'Rapid Productivity Loss'.
[INFO]	18/03/2025 06:09:36 PM - Iniciando validação individual. Acurácia=0.813 > 0.80
[INFO]	18/03/2025 06:09:37 PM - Separados 7 grupos de instâncias para validação.
[INFO]	18/03/2025 06:09:37 PM - Predição da 1ª instância de validação com modelo 'PPO'.
[INFO]	18/03/2025 06:09:40 PM - Instância 1: Acurácia=97.520%, TN=0.000%, TP=97.520%
[INFO]	18/03/2025 06:09:40 PM - Instância 1: Precision=0.975, Recall=1.000, F1=0.987.
[INFO]	18/03/2025 06:09:43 PM - Predição da 2ª instância de validação com modelo 'PPO'.
[INFO]	18/03/2025 06:09:45 PM - Instância 2: Acurácia=76.842%, TN=6.577%, TP=70.265%
[INFO]	18/03/2025 06:09:45 PM - Instância 2: Precision=0.879, Recall=0.839, F1=0.859.
[INFO]	18/03/2025 06:09:53 PM - Predição da 3ª instância de validação com modelo 'PPO'.
[INFO]	18/03/2025 06:09:55 PM - Instância 3: Acurácia=61.888%, TN=44.805%, TP=17.083%
[INFO]	18/03/2025 06:09:55 PM - Instância 3: Precision=0.998, Recall=0.310, F1=0.473.
[INFO]	18/03/2025 06:10:11 PM - Predição da 4ª instância de validação com modelo 'PPO'.
[INFO]	18/03/2025 06:10:12 PM - Instância 4: Acurácia=95.405%, TN=83.701%, TP=11.703%
[INFO]	18/03/2025 06:10:12 PM - Instância 4: Precision=1.000, Recall=0.718, F1=0.836.
[INFO]	18/03/2025 06:10:15 PM - Predição da 5ª instância de validação com modelo 'PPO'.
[INFO]	18/03/2025 06:10:15 PM - Instância 5: Acurácia=86.217%, TN=48.094%, TP=38.123%
[INFO]	18/03/2025 06:10:15 PM - Instância 5: Precision=1.000, Recall=0.734, F1=0.847.
[INFO]	18/03/2025 06:10:16 PM - Predição da 6ª instância de validação com modelo 'PPO'.
[INFO]	18/03/2025 06:10:17 PM - Instância 6: Acurácia=78.781%, TN=18.059%, TP=60.722%
[INFO]	18/03/2025 06:10:17 PM - Instância 6: Precision=1.000, Recall=0.741, F1=0.851.
[INFO]	18/03/2025 06:10:18 PM - Predição da 7ª instância de validação com modelo 'PPO'.
[INFO]	18/03/2025 06:10:18 PM - Instância 7: Acurácia=94.178%, TN=11.473%, TP=82.705%
[INFO]	18/03/2025 06:10:18 PM - Instância 7: Precision=1.000, Recall=0.934, F1=0.966.
[INFO]	18/03/2025 06:10:20 PM - Gráfico de métricas salvo em ..\..\img\metrics\Métricas_Rapid Productivity Loss_PPO.png
[INFO]	18/03/2025 06:10:20 PM - Métricas numéricas salvas (append) em ..\metrics\Métricas_Rapid Productivity Loss_PPO.txt
[INFO]	18/03/2025 06:10:20 PM - Acurácia final: 84.404% no conjunto de dados de validação
[INFO]	18/03/2025 06:10:20 PM - Precision=0.979, Recall=0.754, F1=0.831
[INFO]	18/03/2025 06:10:20 PM - Métricas calculadas para 3 wells.
[INFO]	18/03/2025 06:10:21 PM - Gráfico de acurácia por well salvo em ..\..\img\metrics\ACC-WELL_Rapid Productivity Loss_PPO_100000.png
[INFO]	18/03/2025 06:10:21 PM - Métricas (well) salvas/atualizadas em ..\..\metrics\acc_by_well.csv
[INFO]	18/03/2025 06:10:21 PM - Concluído a execução do algoritmo PPO-real para o evento Rapid Productivity Loss
