[INFO]	18/03/2025 06:43:18 PM - Iniciando execução do algoritmo PPO-real para o evento Quick Restriction in PCK com 10000 timesteps
[INFO]	18/03/2025 06:43:18 PM - Iniciando treinamento do algoritmo PPO com 10000 timesteps
[INFO]	18/03/2025 06:43:36 PM - Modelo final salvo em ..\models\Quick Restriction in PCK-real\PPO\_PPO
[INFO]	18/03/2025 06:43:36 PM - Tempo de Treinamento PPO: 17.7s
[INFO]	18/03/2025 06:43:36 PM - Iniciando avaliação do algoritmo PPO no conjunto de teste
[INFO]	18/03/2025 06:43:36 PM - Avaliando o modelo PPO em ..\models\Quick Restriction in PCK-real\PPO com 1 episódios.
[INFO]	18/03/2025 06:43:37 PM - Average accuracy for PPO: 0.8908698001080497
[INFO]	18/03/2025 06:43:37 PM - Acurácia: 0.89087 com 10000 timesteps
[INFO]	18/03/2025 06:43:37 PM - Iniciando a validação do modelo PPO
[INFO]	18/03/2025 06:43:37 PM - ValidationModel criado para o modelo 'PPO' e evento 'Quick Restriction in PCK'.
[INFO]	18/03/2025 06:43:37 PM - Iniciando validação individual. Acurácia=0.891 > 0.80
[INFO]	18/03/2025 06:43:37 PM - Separados 4 grupos de instâncias para validação.
[INFO]	18/03/2025 06:43:37 PM - Predição da 1ª instância de validação com modelo 'PPO'.
[INFO]	18/03/2025 06:43:38 PM - Instância 1: Acurácia=93.290%, TN=63.011%, TP=30.278%
[INFO]	18/03/2025 06:43:38 PM - Instância 1: Precision=1.000, Recall=0.819, F1=0.900.
[INFO]	18/03/2025 06:43:39 PM - Predição da 2ª instância de validação com modelo 'PPO'.
[INFO]	18/03/2025 06:43:39 PM - Instância 2: Acurácia=96.989%, TN=89.325%, TP=7.664%
[INFO]	18/03/2025 06:43:39 PM - Instância 2: Precision=1.000, Recall=0.718, F1=0.836.
[INFO]	18/03/2025 06:43:40 PM - Predição da 3ª instância de validação com modelo 'PPO'.
[INFO]	18/03/2025 06:43:40 PM - Instância 3: Acurácia=89.733%, TN=46.578%, TP=43.155%
[INFO]	18/03/2025 06:43:40 PM - Instância 3: Precision=1.000, Recall=0.808, F1=0.894.
[INFO]	18/03/2025 06:43:42 PM - Predição da 4ª instância de validação com modelo 'PPO'.
[INFO]	18/03/2025 06:43:42 PM - Instância 4: Acurácia=72.515%, TN=72.515%, TP=0.000%
[INFO]	18/03/2025 06:43:42 PM - Instância 4: Precision=0.000, Recall=0.000, F1=0.000.
[INFO]	18/03/2025 06:43:44 PM - Gráfico de métricas salvo em ..\..\img\metrics\Métricas_Quick Restriction in PCK_PPO.png
[INFO]	18/03/2025 06:43:44 PM - Métricas numéricas salvas (append) em ..\metrics\Métricas_Quick Restriction in PCK_PPO.txt
[INFO]	18/03/2025 06:43:44 PM - Acurácia final: 88.132% no conjunto de dados de validação
[INFO]	18/03/2025 06:43:44 PM - Precision=0.750, Recall=0.586, F1=0.657
[INFO]	18/03/2025 06:43:44 PM - Métricas calculadas para 2 wells.
[INFO]	18/03/2025 06:43:44 PM - Gráfico de acurácia por well salvo em ..\..\img\metrics\ACC-WELL_Quick Restriction in PCK_PPO_10000.png
[INFO]	18/03/2025 06:43:44 PM - Métricas (well) salvas/atualizadas em ..\..\metrics\acc_by_well.csv
[INFO]	18/03/2025 06:43:44 PM - Concluído a execução do algoritmo PPO-real para o evento Quick Restriction in PCK
