[INFO]	18/03/2025 06:46:56 PM - Iniciando execução do algoritmo PPO-real para o evento Quick Restriction in PCK com 150000 timesteps
[INFO]	18/03/2025 06:46:56 PM - Iniciando treinamento do algoritmo PPO com 150000 timesteps
[INFO]	18/03/2025 06:51:22 PM - Modelo final salvo em ..\models\Quick Restriction in PCK-real\PPO\_PPO
[INFO]	18/03/2025 06:51:22 PM - Tempo de Treinamento PPO: 265.87s
[INFO]	18/03/2025 06:51:22 PM - Iniciando avaliação do algoritmo PPO no conjunto de teste
[INFO]	18/03/2025 06:51:22 PM - Avaliando o modelo PPO em ..\models\Quick Restriction in PCK-real\PPO com 1 episódios.
[INFO]	18/03/2025 06:51:24 PM - Average accuracy for PPO: 0.920943634071673
[INFO]	18/03/2025 06:51:24 PM - Acurácia: 0.92094 com 150000 timesteps
[INFO]	18/03/2025 06:51:24 PM - Iniciando a validação do modelo PPO
[INFO]	18/03/2025 06:51:24 PM - ValidationModel criado para o modelo 'PPO' e evento 'Quick Restriction in PCK'.
[INFO]	18/03/2025 06:51:24 PM - Iniciando validação individual. Acurácia=0.921 > 0.80
[INFO]	18/03/2025 06:51:24 PM - Separados 4 grupos de instâncias para validação.
[INFO]	18/03/2025 06:51:24 PM - Predição da 1ª instância de validação com modelo 'PPO'.
[INFO]	18/03/2025 06:51:24 PM - Instância 1: Acurácia=98.077%, TN=63.011%, TP=35.065%
[INFO]	18/03/2025 06:51:24 PM - Instância 1: Precision=1.000, Recall=0.948, F1=0.973.
[INFO]	18/03/2025 06:51:25 PM - Predição da 2ª instância de validação com modelo 'PPO'.
[INFO]	18/03/2025 06:51:26 PM - Instância 2: Acurácia=99.088%, TN=89.325%, TP=9.763%
[INFO]	18/03/2025 06:51:26 PM - Instância 2: Precision=1.000, Recall=0.915, F1=0.955.
[INFO]	18/03/2025 06:51:27 PM - Predição da 3ª instância de validação com modelo 'PPO'.
[INFO]	18/03/2025 06:51:27 PM - Instância 3: Acurácia=92.905%, TN=46.578%, TP=46.327%
[INFO]	18/03/2025 06:51:27 PM - Instância 3: Precision=1.000, Recall=0.867, F1=0.929.
[INFO]	18/03/2025 06:51:28 PM - Predição da 4ª instância de validação com modelo 'PPO'.
[INFO]	18/03/2025 06:51:28 PM - Instância 4: Acurácia=72.515%, TN=72.515%, TP=0.000%
[INFO]	18/03/2025 06:51:28 PM - Instância 4: Precision=0.000, Recall=0.000, F1=0.000.
[INFO]	18/03/2025 06:51:29 PM - Gráfico de métricas salvo em ..\..\img\metrics\Métricas_Quick Restriction in PCK_PPO.png
[INFO]	18/03/2025 06:51:29 PM - Métricas numéricas salvas (append) em ..\metrics\Métricas_Quick Restriction in PCK_PPO.txt
[INFO]	18/03/2025 06:51:29 PM - Acurácia final: 90.646% no conjunto de dados de validação
[INFO]	18/03/2025 06:51:29 PM - Precision=0.750, Recall=0.682, F1=0.714
[INFO]	18/03/2025 06:51:29 PM - Métricas calculadas para 2 wells.
[INFO]	18/03/2025 06:51:30 PM - Gráfico de acurácia por well salvo em ..\..\img\metrics\ACC-WELL_Quick Restriction in PCK_PPO_150000.png
[INFO]	18/03/2025 06:51:30 PM - Métricas (well) salvas/atualizadas em ..\..\metrics\acc_by_well.csv
[INFO]	18/03/2025 06:51:30 PM - Concluído a execução do algoritmo PPO-real para o evento Quick Restriction in PCK
