[INFO]	18/03/2025 06:36:42 PM - Iniciando execução do algoritmo DQN-real para o evento Quick Restriction in PCK com 300000 timesteps
[INFO]	18/03/2025 06:36:42 PM - Iniciando treinamento do algoritmo DQN com 300000 timesteps
[INFO]	18/03/2025 06:43:04 PM - Modelo final salvo em ..\models\Quick Restriction in PCK-real\DQN\_DQN
[INFO]	18/03/2025 06:43:04 PM - Replay buffer salvo em ..\models\Quick Restriction in PCK-real\DQN\replay_buffer\dqn_save_replay_buffer
[INFO]	18/03/2025 06:43:04 PM - Tempo de Treinamento DQN: 382.01s
[INFO]	18/03/2025 06:43:04 PM - Iniciando avaliação do algoritmo DQN no conjunto de teste
[INFO]	18/03/2025 06:43:04 PM - Avaliando o modelo DQN em ..\models\Quick Restriction in PCK-real\DQN com 1 episódios.
[INFO]	18/03/2025 06:43:05 PM - Average accuracy for DQN: 0.8986133621465874
[INFO]	18/03/2025 06:43:05 PM - Acurácia: 0.89861 com 300000 timesteps
[INFO]	18/03/2025 06:43:05 PM - Iniciando a validação do modelo DQN
[INFO]	18/03/2025 06:43:05 PM - ValidationModel criado para o modelo 'DQN' e evento 'Quick Restriction in PCK'.
[INFO]	18/03/2025 06:43:05 PM - Iniciando validação individual. Acurácia=0.899 > 0.80
[INFO]	18/03/2025 06:43:05 PM - Separados 4 grupos de instâncias para validação.
[INFO]	18/03/2025 06:43:05 PM - Predição da 1ª instância de validação com modelo 'DQN'.
[INFO]	18/03/2025 06:43:06 PM - Instância 1: Acurácia=97.340%, TN=63.011%, TP=34.329%
[INFO]	18/03/2025 06:43:06 PM - Instância 1: Precision=1.000, Recall=0.928, F1=0.963.
[INFO]	18/03/2025 06:43:07 PM - Predição da 2ª instância de validação com modelo 'DQN'.
[INFO]	18/03/2025 06:43:07 PM - Instância 2: Acurácia=98.449%, TN=89.325%, TP=9.124%
[INFO]	18/03/2025 06:43:07 PM - Instância 2: Precision=1.000, Recall=0.855, F1=0.922.
[INFO]	18/03/2025 06:43:09 PM - Predição da 3ª instância de validação com modelo 'DQN'.
[INFO]	18/03/2025 06:43:09 PM - Instância 3: Acurácia=95.993%, TN=46.578%, TP=49.416%
[INFO]	18/03/2025 06:43:09 PM - Instância 3: Precision=1.000, Recall=0.925, F1=0.961.
[INFO]	18/03/2025 06:43:11 PM - Predição da 4ª instância de validação com modelo 'DQN'.
[INFO]	18/03/2025 06:43:11 PM - Instância 4: Acurácia=82.209%, TN=72.515%, TP=9.693%
[INFO]	18/03/2025 06:43:11 PM - Instância 4: Precision=1.000, Recall=0.353, F1=0.521.
[INFO]	18/03/2025 06:43:13 PM - Gráfico de métricas salvo em ..\..\img\metrics\Métricas_Quick Restriction in PCK_DQN.png
[INFO]	18/03/2025 06:43:13 PM - Métricas numéricas salvas (append) em ..\metrics\Métricas_Quick Restriction in PCK_DQN.txt
[INFO]	18/03/2025 06:43:13 PM - Acurácia final: 93.498% no conjunto de dados de validação
[INFO]	18/03/2025 06:43:13 PM - Precision=1.000, Recall=0.765, F1=0.842
[INFO]	18/03/2025 06:43:13 PM - Métricas calculadas para 2 wells.
[INFO]	18/03/2025 06:43:14 PM - Gráfico de acurácia por well salvo em ..\..\img\metrics\ACC-WELL_Quick Restriction in PCK_DQN_300000.png
[INFO]	18/03/2025 06:43:14 PM - Métricas (well) salvas/atualizadas em ..\..\metrics\acc_by_well.csv
[INFO]	18/03/2025 06:43:14 PM - Concluído a execução do algoritmo DQN-real para o evento Quick Restriction in PCK
