[INFO]	18/03/2025 06:51:30 PM - Iniciando execução do algoritmo PPO-real para o evento Quick Restriction in PCK com 300000 timesteps
[INFO]	18/03/2025 06:51:30 PM - Iniciando treinamento do algoritmo PPO com 300000 timesteps
[INFO]	18/03/2025 07:00:25 PM - Modelo final salvo em ..\models\Quick Restriction in PCK-real\PPO\_PPO
[INFO]	18/03/2025 07:00:25 PM - Tempo de Treinamento PPO: 535.43s
[INFO]	18/03/2025 07:00:25 PM - Iniciando avaliação do algoritmo PPO no conjunto de teste
[INFO]	18/03/2025 07:00:25 PM - Avaliando o modelo PPO em ..\models\Quick Restriction in PCK-real\PPO com 1 episódios.
[INFO]	18/03/2025 07:00:27 PM - Average accuracy for PPO: 0.9270664505672609
[INFO]	18/03/2025 07:00:27 PM - Acurácia: 0.92707 com 300000 timesteps
[INFO]	18/03/2025 07:00:27 PM - Iniciando a validação do modelo PPO
[INFO]	18/03/2025 07:00:27 PM - ValidationModel criado para o modelo 'PPO' e evento 'Quick Restriction in PCK'.
[INFO]	18/03/2025 07:00:27 PM - Iniciando validação individual. Acurácia=0.927 > 0.80
[INFO]	18/03/2025 07:00:27 PM - Separados 4 grupos de instâncias para validação.
[INFO]	18/03/2025 07:00:27 PM - Predição da 1ª instância de validação com modelo 'PPO'.
[INFO]	18/03/2025 07:00:28 PM - Instância 1: Acurácia=97.218%, TN=63.011%, TP=34.206%
[INFO]	18/03/2025 07:00:28 PM - Instância 1: Precision=1.000, Recall=0.925, F1=0.961.
[INFO]	18/03/2025 07:00:29 PM - Predição da 2ª instância de validação com modelo 'PPO'.
[INFO]	18/03/2025 07:00:29 PM - Instância 2: Acurácia=98.814%, TN=89.325%, TP=9.489%
[INFO]	18/03/2025 07:00:29 PM - Instância 2: Precision=1.000, Recall=0.889, F1=0.941.
[INFO]	18/03/2025 07:00:30 PM - Predição da 3ª instância de validação com modelo 'PPO'.
[INFO]	18/03/2025 07:00:30 PM - Instância 3: Acurácia=92.738%, TN=46.578%, TP=46.160%
[INFO]	18/03/2025 07:00:30 PM - Instância 3: Precision=1.000, Recall=0.864, F1=0.927.
[INFO]	18/03/2025 07:00:31 PM - Predição da 4ª instância de validação com modelo 'PPO'.
[INFO]	18/03/2025 07:00:31 PM - Instância 4: Acurácia=72.515%, TN=72.515%, TP=0.000%
[INFO]	18/03/2025 07:00:31 PM - Instância 4: Precision=0.000, Recall=0.000, F1=0.000.
[INFO]	18/03/2025 07:00:33 PM - Gráfico de métricas salvo em ..\..\img\metrics\Métricas_Quick Restriction in PCK_PPO.png
[INFO]	18/03/2025 07:00:33 PM - Métricas numéricas salvas (append) em ..\metrics\Métricas_Quick Restriction in PCK_PPO.txt
[INFO]	18/03/2025 07:00:33 PM - Acurácia final: 90.321% no conjunto de dados de validação
[INFO]	18/03/2025 07:00:33 PM - Precision=0.750, Recall=0.669, F1=0.707
[INFO]	18/03/2025 07:00:33 PM - Métricas calculadas para 2 wells.
[INFO]	18/03/2025 07:00:33 PM - Gráfico de acurácia por well salvo em ..\..\img\metrics\ACC-WELL_Quick Restriction in PCK_PPO_300000.png
[INFO]	18/03/2025 07:00:33 PM - Métricas (well) salvas/atualizadas em ..\..\metrics\acc_by_well.csv
[INFO]	18/03/2025 07:00:33 PM - Concluído a execução do algoritmo PPO-real para o evento Quick Restriction in PCK
