[INFO]	18/03/2025 07:46:18 PM - Iniciando execução do algoritmo DQN-real para o evento Abrupt Increase of BSW com 10000 timesteps
[INFO]	18/03/2025 07:46:18 PM - Iniciando treinamento do algoritmo DQN com 10000 timesteps
[INFO]	18/03/2025 07:46:31 PM - Modelo final salvo em ..\models\Abrupt Increase of BSW-real\DQN\_DQN
[INFO]	18/03/2025 07:46:31 PM - Replay buffer salvo em ..\models\Abrupt Increase of BSW-real\DQN\replay_buffer\dqn_save_replay_buffer
[INFO]	18/03/2025 07:46:31 PM - Tempo de Treinamento DQN: 12.45s
[INFO]	18/03/2025 07:46:31 PM - Iniciando avaliação do algoritmo DQN no conjunto de teste
[INFO]	18/03/2025 07:46:31 PM - Avaliando o modelo DQN em ..\models\Abrupt Increase of BSW-real\DQN com 1 episódios.
[INFO]	18/03/2025 07:46:37 PM - Average accuracy for DQN: 0.8701320241491408
[INFO]	18/03/2025 07:46:37 PM - Acurácia: 0.87013 com 10000 timesteps
[INFO]	18/03/2025 07:46:37 PM - Iniciando a validação do modelo DQN
[INFO]	18/03/2025 07:46:37 PM - ValidationModel criado para o modelo 'DQN' e evento 'Abrupt Increase of BSW'.
[INFO]	18/03/2025 07:46:37 PM - Iniciando validação individual. Acurácia=0.870 > 0.80
[INFO]	18/03/2025 07:46:37 PM - Separados 4 grupos de instâncias para validação.
[INFO]	18/03/2025 07:46:37 PM - Predição da 1ª instância de validação com modelo 'DQN'.
[INFO]	18/03/2025 07:46:38 PM - Instância 1: Acurácia=96.429%, TN=75.535%, TP=20.894%
[INFO]	18/03/2025 07:46:38 PM - Instância 1: Precision=1.000, Recall=0.854, F1=0.921.
[INFO]	18/03/2025 07:46:39 PM - Predição da 2ª instância de validação com modelo 'DQN'.
[INFO]	18/03/2025 07:46:40 PM - Instância 2: Acurácia=83.634%, TN=33.911%, TP=49.723%
[INFO]	18/03/2025 07:46:40 PM - Instância 2: Precision=1.000, Recall=0.752, F1=0.859.
[INFO]	18/03/2025 07:46:41 PM - Predição da 3ª instância de validação com modelo 'DQN'.
[INFO]	18/03/2025 07:46:43 PM - Instância 3: Acurácia=90.149%, TN=58.901%, TP=31.248%
[INFO]	18/03/2025 07:46:43 PM - Instância 3: Precision=1.000, Recall=0.760, F1=0.864.
[INFO]	18/03/2025 07:46:50 PM - Predição da 4ª instância de validação com modelo 'DQN'.
[INFO]	18/03/2025 07:46:50 PM - Instância 4: Acurácia=90.462%, TN=80.511%, TP=9.951%
[INFO]	18/03/2025 07:46:50 PM - Instância 4: Precision=1.000, Recall=0.511, F1=0.676.
[INFO]	18/03/2025 07:46:52 PM - Gráfico de métricas salvo em ..\..\img\metrics\Métricas_Abrupt Increase of BSW_DQN.png
[INFO]	18/03/2025 07:46:52 PM - Métricas numéricas salvas (append) em ..\metrics\Métricas_Abrupt Increase of BSW_DQN.txt
[INFO]	18/03/2025 07:46:52 PM - Acurácia final: 90.168% no conjunto de dados de validação
[INFO]	18/03/2025 07:46:52 PM - Precision=1.000, Recall=0.719, F1=0.830
[INFO]	18/03/2025 07:46:52 PM - Métricas calculadas para 3 wells.
[INFO]	18/03/2025 07:46:52 PM - Gráfico de acurácia por well salvo em ..\..\img\metrics\ACC-WELL_Abrupt Increase of BSW_DQN_10000.png
[INFO]	18/03/2025 07:46:52 PM - Métricas (well) salvas/atualizadas em ..\..\metrics\acc_by_well.csv
[INFO]	18/03/2025 07:46:52 PM - Concluído a execução do algoritmo DQN-real para o evento Abrupt Increase of BSW
