[INFO]	18/03/2025 03:06:37 PM - Iniciando execução do algoritmo DQN-real para o evento Abrupt Increase of BSW com 100000 timesteps
[INFO]	18/03/2025 03:06:37 PM - Iniciando treinamento do algoritmo DQN com 100000 timesteps
[INFO]	18/03/2025 03:08:06 PM - Modelo final salvo em ..\models\Abrupt Increase of BSW-real\DQN\_DQN
[INFO]	18/03/2025 03:08:06 PM - Replay buffer salvo em ..\models\Abrupt Increase of BSW-real\DQN\replay_buffer\dqn_save_replay_buffer
[INFO]	18/03/2025 03:08:06 PM - Tempo de Treinamento DQN: 88.9s
[INFO]	18/03/2025 03:08:06 PM - Iniciando avaliação do algoritmo DQN no conjunto de teste
[INFO]	18/03/2025 03:08:06 PM - Avaliando o modelo DQN em ..\models\Abrupt Increase of BSW-real\DQN com 1 episódios.
[INFO]	18/03/2025 03:08:10 PM - Average accuracy for DQN: 0.9149140847873681
[INFO]	18/03/2025 03:08:10 PM - Acurácia: 0.91491 com 100000 timesteps
[INFO]	18/03/2025 03:08:10 PM - Iniciando a validação do modelo DQN
[INFO]	18/03/2025 03:08:10 PM - ValidationModel criado para o modelo 'DQN' e evento 'Abrupt Increase of BSW'.
[INFO]	18/03/2025 03:08:10 PM - Iniciando validação individual. Acurácia=0.915 > 0.80
[INFO]	18/03/2025 03:08:10 PM - Separados 4 grupos de instâncias para validação.
[INFO]	18/03/2025 03:08:10 PM - Predição da 1ª instância de validação com modelo 'DQN'.
[INFO]	18/03/2025 03:08:10 PM - Instância 1: Acurácia=99.482%, TN=75.535%, TP=23.948%
[INFO]	18/03/2025 03:08:10 PM - Instância 1: Precision=1.000, Recall=0.979, F1=0.989.
[INFO]	18/03/2025 03:08:11 PM - Predição da 2ª instância de validação com modelo 'DQN'.
[INFO]	18/03/2025 03:08:12 PM - Instância 2: Acurácia=97.920%, TN=33.911%, TP=64.008%
[INFO]	18/03/2025 03:08:12 PM - Instância 2: Precision=1.000, Recall=0.969, F1=0.984.
[INFO]	18/03/2025 03:08:13 PM - Predição da 3ª instância de validação com modelo 'DQN'.
[INFO]	18/03/2025 03:08:15 PM - Instância 3: Acurácia=96.303%, TN=57.820%, TP=38.483%
[INFO]	18/03/2025 03:08:15 PM - Instância 3: Precision=0.973, Recall=0.936, F1=0.954.
[INFO]	18/03/2025 03:08:20 PM - Predição da 4ª instância de validação com modelo 'DQN'.
[INFO]	18/03/2025 03:08:20 PM - Instância 4: Acurácia=92.339%, TN=80.511%, TP=11.829%
[INFO]	18/03/2025 03:08:20 PM - Instância 4: Precision=1.000, Recall=0.607, F1=0.755.
[INFO]	18/03/2025 03:08:22 PM - Gráfico de métricas salvo em ..\..\img\metrics\Métricas_Abrupt Increase of BSW_DQN.png
[INFO]	18/03/2025 03:08:22 PM - Métricas numéricas salvas (append) em ..\metrics\Métricas_Abrupt Increase of BSW_DQN.txt
[INFO]	18/03/2025 03:08:22 PM - Acurácia final: 96.511% no conjunto de dados de validação
[INFO]	18/03/2025 03:08:22 PM - Precision=0.993, Recall=0.873, F1=0.921
[INFO]	18/03/2025 03:08:22 PM - Métricas calculadas para 3 wells.
[INFO]	18/03/2025 03:08:22 PM - Gráfico de acurácia por well salvo em ..\..\img\metrics\ACC-WELL_Abrupt Increase of BSW_DQN_100000.png
[INFO]	18/03/2025 03:08:22 PM - Métricas (well) salvas/atualizadas em ..\..\metrics\acc_by_well.csv
[INFO]	18/03/2025 03:08:22 PM - Concluído a execução do algoritmo DQN-real para o evento Abrupt Increase of BSW
