[INFO]	18/03/2025 01:11:55 PM - Iniciando execução do algoritmo DQN-real para o evento Abrupt Increase of BSW com 10000 timesteps
[INFO]	18/03/2025 01:11:55 PM - Iniciando treinamento do algoritmo DQN com 10000 timesteps
[INFO]	18/03/2025 01:12:04 PM - Modelo final salvo em ..\models\Abrupt Increase of BSW-real\DQN\_DQN
[INFO]	18/03/2025 01:12:04 PM - Replay buffer salvo em ..\models\Abrupt Increase of BSW-real\DQN\replay_buffer\dqn_save_replay_buffer
[INFO]	18/03/2025 01:12:04 PM - Tempo de Treinamento DQN: 9.04s
[INFO]	18/03/2025 01:12:04 PM - Iniciando avaliação do algoritmo DQN no conjunto de teste
[INFO]	18/03/2025 01:12:04 PM - Avaliando o modelo DQN em ..\models\Abrupt Increase of BSW-real\DQN com 1 episódios.
[INFO]	18/03/2025 01:12:17 PM - Average accuracy for DQN: 0.8311364878819171
[INFO]	18/03/2025 01:12:17 PM - Acurácia: 0.83114 com 10000 timesteps
[INFO]	18/03/2025 01:12:17 PM - Iniciando a validação do modelo DQN
[INFO]	18/03/2025 01:12:17 PM - ValidationModel criado para o modelo 'DQN' e evento 'Abrupt Increase of BSW'.
[INFO]	18/03/2025 01:12:17 PM - Iniciando validação individual. Acurácia=0.831 > 0.80
[INFO]	18/03/2025 01:12:18 PM - Separados 4 grupos de instâncias para validação.
[INFO]	18/03/2025 01:12:18 PM - Predição da 1ª instância de validação com modelo 'DQN'.
[INFO]	18/03/2025 01:12:20 PM - Instância 1: Acurácia=96.032%, TN=75.535%, TP=20.497%
[INFO]	18/03/2025 01:12:20 PM - Instância 1: Precision=1.000, Recall=0.838, F1=0.912.
[INFO]	18/03/2025 01:14:53 PM - Predição da 2ª instância de validação com modelo 'DQN'.
[INFO]	18/03/2025 01:14:54 PM - Instância 2: Acurácia=88.627%, TN=33.911%, TP=54.716%
[INFO]	18/03/2025 01:14:54 PM - Instância 2: Precision=1.000, Recall=0.828, F1=0.906.
[INFO]	18/03/2025 01:14:55 PM - Predição da 3ª instância de validação com modelo 'DQN'.
[INFO]	18/03/2025 01:14:59 PM - Instância 3: Acurácia=89.290%, TN=58.901%, TP=30.389%
[INFO]	18/03/2025 01:14:59 PM - Instância 3: Precision=1.000, Recall=0.739, F1=0.850.
[INFO]	18/03/2025 01:15:11 PM - Predição da 4ª instância de validação com modelo 'DQN'.
[INFO]	18/03/2025 01:15:12 PM - Instância 4: Acurácia=90.368%, TN=80.511%, TP=9.857%
[INFO]	18/03/2025 01:15:12 PM - Instância 4: Precision=1.000, Recall=0.506, F1=0.672.
[INFO]	18/03/2025 01:15:14 PM - Gráfico de métricas salvo em ..\..\img\metrics\Métricas_Abrupt Increase of BSW_DQN.png
[INFO]	18/03/2025 01:15:14 PM - Métricas numéricas salvas em ..\metrics\Métricas_Abrupt Increase of BSW_DQN.txt
[INFO]	18/03/2025 01:15:14 PM - Acurácia final: 91.079% no conjunto de dados de validação
[INFO]	18/03/2025 01:15:14 PM - Precision=1.000, Recall=0.728, F1=0.835
[INFO]	18/03/2025 01:15:32 PM - Métricas calculadas para 3 wells.
[INFO]	18/03/2025 01:15:33 PM - Gráfico de acurácia por well salvo em ..\..\img\metrics\ACC-WELL_Abrupt Increase of BSW_DQN_10000.png
[INFO]	18/03/2025 01:15:33 PM - Métricas (well) salvas/atualizadas em ..\..\metrics\acc_by_well.csv
[INFO]	18/03/2025 01:15:33 PM - Concluído a execução do algoritmo DQN-real para o evento Abrupt Increase of BSW
