[INFO]	18/03/2025 03:16:42 PM - Iniciando execução do algoritmo PPO-real para o evento Abrupt Increase of BSW com 10000 timesteps
[INFO]	18/03/2025 03:16:42 PM - Iniciando treinamento do algoritmo PPO com 10000 timesteps
[INFO]	18/03/2025 03:16:57 PM - Modelo final salvo em ..\models\Abrupt Increase of BSW-real\PPO\_PPO
[INFO]	18/03/2025 03:16:57 PM - Tempo de Treinamento PPO: 14.94s
[INFO]	18/03/2025 03:16:57 PM - Iniciando avaliação do algoritmo PPO no conjunto de teste
[INFO]	18/03/2025 03:16:57 PM - Avaliando o modelo PPO em ..\models\Abrupt Increase of BSW-real\PPO com 1 episódios.
[INFO]	18/03/2025 03:17:05 PM - Average accuracy for PPO: 0.8491673853910967
[INFO]	18/03/2025 03:17:05 PM - Acurácia: 0.84917 com 10000 timesteps
[INFO]	18/03/2025 03:17:05 PM - Iniciando a validação do modelo PPO
[INFO]	18/03/2025 03:17:05 PM - ValidationModel criado para o modelo 'PPO' e evento 'Abrupt Increase of BSW'.
[INFO]	18/03/2025 03:17:05 PM - Iniciando validação individual. Acurácia=0.849 > 0.80
[INFO]	18/03/2025 03:17:05 PM - Separados 4 grupos de instâncias para validação.
[INFO]	18/03/2025 03:17:05 PM - Predição da 1ª instância de validação com modelo 'PPO'.
[INFO]	18/03/2025 03:17:06 PM - Instância 1: Acurácia=93.737%, TN=75.535%, TP=18.202%
[INFO]	18/03/2025 03:17:06 PM - Instância 1: Precision=1.000, Recall=0.744, F1=0.853.
[INFO]	18/03/2025 03:17:08 PM - Predição da 2ª instância de validação com modelo 'PPO'.
[INFO]	18/03/2025 03:17:08 PM - Instância 2: Acurácia=82.455%, TN=33.911%, TP=48.544%
[INFO]	18/03/2025 03:17:08 PM - Instância 2: Precision=1.000, Recall=0.735, F1=0.847.
[INFO]	18/03/2025 03:17:09 PM - Predição da 3ª instância de validação com modelo 'PPO'.
[INFO]	18/03/2025 03:17:12 PM - Instância 3: Acurácia=82.448%, TN=58.901%, TP=23.547%
[INFO]	18/03/2025 03:17:12 PM - Instância 3: Precision=1.000, Recall=0.573, F1=0.728.
[INFO]	18/03/2025 03:17:18 PM - Predição da 4ª instância de validação com modelo 'PPO'.
[INFO]	18/03/2025 03:17:19 PM - Instância 4: Acurácia=88.378%, TN=80.511%, TP=7.867%
[INFO]	18/03/2025 03:17:19 PM - Instância 4: Precision=1.000, Recall=0.404, F1=0.575.
[INFO]	18/03/2025 03:17:20 PM - Gráfico de métricas salvo em ..\..\img\metrics\Métricas_Abrupt Increase of BSW_PPO.png
[INFO]	18/03/2025 03:17:20 PM - Métricas numéricas salvas (append) em ..\metrics\Métricas_Abrupt Increase of BSW_PPO.txt
[INFO]	18/03/2025 03:17:20 PM - Acurácia final: 86.754% no conjunto de dados de validação
[INFO]	18/03/2025 03:17:20 PM - Precision=1.000, Recall=0.614, F1=0.751
[INFO]	18/03/2025 03:17:20 PM - Métricas calculadas para 3 wells.
[INFO]	18/03/2025 03:17:20 PM - Gráfico de acurácia por well salvo em ..\..\img\metrics\ACC-WELL_Abrupt Increase of BSW_PPO_10000.png
[INFO]	18/03/2025 03:17:20 PM - Métricas (well) salvas/atualizadas em ..\..\metrics\acc_by_well.csv
[INFO]	18/03/2025 03:17:20 PM - Concluído a execução do algoritmo PPO-real para o evento Abrupt Increase of BSW
