[INFO]	18/03/2025 08:14:46 PM - Iniciando execução do algoritmo PPO-real para o evento Abrupt Increase of BSW com 300000 timesteps
[INFO]	18/03/2025 08:14:46 PM - Iniciando treinamento do algoritmo PPO com 300000 timesteps
[INFO]	18/03/2025 08:38:39 PM - Modelo final salvo em ..\models\Abrupt Increase of BSW-real\PPO\_PPO
[INFO]	18/03/2025 08:38:39 PM - Tempo de Treinamento PPO: 1433.04s
[INFO]	18/03/2025 08:38:39 PM - Iniciando avaliação do algoritmo PPO no conjunto de teste
[INFO]	18/03/2025 08:38:39 PM - Avaliando o modelo PPO em ..\models\Abrupt Increase of BSW-real\PPO com 1 episódios.
[INFO]	18/03/2025 08:38:57 PM - Average accuracy for PPO: 0.959430770251443
[INFO]	18/03/2025 08:38:57 PM - Acurácia: 0.95943 com 300000 timesteps
[INFO]	18/03/2025 08:38:57 PM - Iniciando a validação do modelo PPO
[INFO]	18/03/2025 08:38:57 PM - ValidationModel criado para o modelo 'PPO' e evento 'Abrupt Increase of BSW'.
[INFO]	18/03/2025 08:38:57 PM - Iniciando validação individual. Acurácia=0.959 > 0.80
[INFO]	18/03/2025 08:38:57 PM - Separados 4 grupos de instâncias para validação.
[INFO]	18/03/2025 08:38:57 PM - Predição da 1ª instância de validação com modelo 'PPO'.
[INFO]	18/03/2025 08:38:59 PM - Instância 1: Acurácia=96.584%, TN=75.535%, TP=21.049%
[INFO]	18/03/2025 08:38:59 PM - Instância 1: Precision=1.000, Recall=0.860, F1=0.925.
[INFO]	18/03/2025 08:39:01 PM - Predição da 2ª instância de validação com modelo 'PPO'.
[INFO]	18/03/2025 08:39:02 PM - Instância 2: Acurácia=93.343%, TN=33.911%, TP=59.431%
[INFO]	18/03/2025 08:39:02 PM - Instância 2: Precision=1.000, Recall=0.899, F1=0.947.
[INFO]	18/03/2025 08:39:04 PM - Predição da 3ª instância de validação com modelo 'PPO'.
[INFO]	18/03/2025 08:39:10 PM - Instância 3: Acurácia=95.842%, TN=58.901%, TP=36.941%
[INFO]	18/03/2025 08:39:10 PM - Instância 3: Precision=1.000, Recall=0.899, F1=0.947.
[INFO]	18/03/2025 08:39:21 PM - Predição da 4ª instância de validação com modelo 'PPO'.
[INFO]	18/03/2025 08:39:23 PM - Instância 4: Acurácia=98.611%, TN=80.511%, TP=18.100%
[INFO]	18/03/2025 08:39:23 PM - Instância 4: Precision=1.000, Recall=0.929, F1=0.963.
[INFO]	18/03/2025 08:39:26 PM - Gráfico de métricas salvo em ..\..\img\metrics\Métricas_Abrupt Increase of BSW_PPO.png
[INFO]	18/03/2025 08:39:26 PM - Métricas numéricas salvas (append) em ..\metrics\Métricas_Abrupt Increase of BSW_PPO.txt
[INFO]	18/03/2025 08:39:26 PM - Acurácia final: 96.095% no conjunto de dados de validação
[INFO]	18/03/2025 08:39:26 PM - Precision=1.000, Recall=0.897, F1=0.945
[INFO]	18/03/2025 08:39:26 PM - Métricas calculadas para 3 wells.
[INFO]	18/03/2025 08:39:27 PM - Gráfico de acurácia por well salvo em ..\..\img\metrics\ACC-WELL_Abrupt Increase of BSW_PPO_300000.png
[INFO]	18/03/2025 08:39:27 PM - Métricas (well) salvas/atualizadas em ..\..\metrics\acc_by_well.csv
[INFO]	18/03/2025 08:39:27 PM - Concluído a execução do algoritmo PPO-real para o evento Abrupt Increase of BSW
