[INFO]	18/03/2025 03:24:42 PM - Iniciando execução do algoritmo PPO-real para o evento Abrupt Increase of BSW com 300000 timesteps
[INFO]	18/03/2025 03:24:42 PM - Iniciando treinamento do algoritmo PPO com 300000 timesteps
[INFO]	18/03/2025 03:33:31 PM - Modelo final salvo em ..\models\Abrupt Increase of BSW-real\PPO\_PPO
[INFO]	18/03/2025 03:33:31 PM - Tempo de Treinamento PPO: 528.69s
[INFO]	18/03/2025 03:33:31 PM - Iniciando avaliação do algoritmo PPO no conjunto de teste
[INFO]	18/03/2025 03:33:31 PM - Avaliando o modelo PPO em ..\models\Abrupt Increase of BSW-real\PPO com 1 episódios.
[INFO]	18/03/2025 03:33:40 PM - Average accuracy for PPO: 0.9458634644728986
[INFO]	18/03/2025 03:33:40 PM - Acurácia: 0.94586 com 300000 timesteps
[INFO]	18/03/2025 03:33:40 PM - Iniciando a validação do modelo PPO
[INFO]	18/03/2025 03:33:40 PM - ValidationModel criado para o modelo 'PPO' e evento 'Abrupt Increase of BSW'.
[INFO]	18/03/2025 03:33:40 PM - Iniciando validação individual. Acurácia=0.946 > 0.80
[INFO]	18/03/2025 03:33:40 PM - Separados 4 grupos de instâncias para validação.
[INFO]	18/03/2025 03:33:40 PM - Predição da 1ª instância de validação com modelo 'PPO'.
[INFO]	18/03/2025 03:33:41 PM - Instância 1: Acurácia=89.665%, TN=75.535%, TP=14.130%
[INFO]	18/03/2025 03:33:41 PM - Instância 1: Precision=1.000, Recall=0.578, F1=0.732.
[INFO]	18/03/2025 03:33:42 PM - Predição da 2ª instância de validação com modelo 'PPO'.
[INFO]	18/03/2025 03:33:42 PM - Instância 2: Acurácia=92.718%, TN=33.911%, TP=58.807%
[INFO]	18/03/2025 03:33:42 PM - Instância 2: Precision=1.000, Recall=0.890, F1=0.942.
[INFO]	18/03/2025 03:33:44 PM - Predição da 3ª instância de validação com modelo 'PPO'.
[INFO]	18/03/2025 03:33:46 PM - Instância 3: Acurácia=95.831%, TN=58.901%, TP=36.930%
[INFO]	18/03/2025 03:33:46 PM - Instância 3: Precision=1.000, Recall=0.899, F1=0.947.
[INFO]	18/03/2025 03:33:53 PM - Predição da 4ª instância de validação com modelo 'PPO'.
[INFO]	18/03/2025 03:33:54 PM - Instância 4: Acurácia=98.273%, TN=80.511%, TP=17.762%
[INFO]	18/03/2025 03:33:54 PM - Instância 4: Precision=1.000, Recall=0.911, F1=0.954.
[INFO]	18/03/2025 03:33:55 PM - Gráfico de métricas salvo em ..\..\img\metrics\Métricas_Abrupt Increase of BSW_PPO.png
[INFO]	18/03/2025 03:33:55 PM - Métricas numéricas salvas (append) em ..\metrics\Métricas_Abrupt Increase of BSW_PPO.txt
[INFO]	18/03/2025 03:33:55 PM - Acurácia final: 94.122% no conjunto de dados de validação
[INFO]	18/03/2025 03:33:55 PM - Precision=1.000, Recall=0.819, F1=0.894
[INFO]	18/03/2025 03:33:55 PM - Métricas calculadas para 3 wells.
[INFO]	18/03/2025 03:33:56 PM - Gráfico de acurácia por well salvo em ..\..\img\metrics\ACC-WELL_Abrupt Increase of BSW_PPO_300000.png
[INFO]	18/03/2025 03:33:56 PM - Métricas (well) salvas/atualizadas em ..\..\metrics\acc_by_well.csv
[INFO]	18/03/2025 03:33:56 PM - Concluído a execução do algoritmo PPO-real para o evento Abrupt Increase of BSW
