[INFO]	18/03/2025 03:20:17 PM - Iniciando execução do algoritmo PPO-real para o evento Abrupt Increase of BSW com 150000 timesteps
[INFO]	18/03/2025 03:20:17 PM - Iniciando treinamento do algoritmo PPO com 150000 timesteps
[INFO]	18/03/2025 03:24:18 PM - Modelo final salvo em ..\models\Abrupt Increase of BSW-real\PPO\_PPO
[INFO]	18/03/2025 03:24:18 PM - Tempo de Treinamento PPO: 241.23s
[INFO]	18/03/2025 03:24:18 PM - Iniciando avaliação do algoritmo PPO no conjunto de teste
[INFO]	18/03/2025 03:24:18 PM - Avaliando o modelo PPO em ..\models\Abrupt Increase of BSW-real\PPO com 1 episódios.
[INFO]	18/03/2025 03:24:26 PM - Average accuracy for PPO: 0.9544218138393153
[INFO]	18/03/2025 03:24:26 PM - Acurácia: 0.95442 com 150000 timesteps
[INFO]	18/03/2025 03:24:26 PM - Iniciando a validação do modelo PPO
[INFO]	18/03/2025 03:24:26 PM - ValidationModel criado para o modelo 'PPO' e evento 'Abrupt Increase of BSW'.
[INFO]	18/03/2025 03:24:26 PM - Iniciando validação individual. Acurácia=0.954 > 0.80
[INFO]	18/03/2025 03:24:27 PM - Separados 4 grupos de instâncias para validação.
[INFO]	18/03/2025 03:24:27 PM - Predição da 1ª instância de validação com modelo 'PPO'.
[INFO]	18/03/2025 03:24:28 PM - Instância 1: Acurácia=93.841%, TN=75.535%, TP=18.306%
[INFO]	18/03/2025 03:24:28 PM - Instância 1: Precision=1.000, Recall=0.748, F1=0.856.
[INFO]	18/03/2025 03:24:29 PM - Predição da 2ª instância de validação com modelo 'PPO'.
[INFO]	18/03/2025 03:24:29 PM - Instância 2: Acurácia=91.956%, TN=33.911%, TP=58.044%
[INFO]	18/03/2025 03:24:29 PM - Instância 2: Precision=1.000, Recall=0.878, F1=0.935.
[INFO]	18/03/2025 03:24:30 PM - Predição da 3ª instância de validação com modelo 'PPO'.
[INFO]	18/03/2025 03:24:33 PM - Instância 3: Acurácia=96.269%, TN=58.839%, TP=37.430%
[INFO]	18/03/2025 03:24:33 PM - Instância 3: Precision=0.998, Recall=0.911, F1=0.953.
[INFO]	18/03/2025 03:24:39 PM - Predição da 4ª instância de validação com modelo 'PPO'.
[INFO]	18/03/2025 03:24:40 PM - Instância 4: Acurácia=97.390%, TN=80.511%, TP=16.879%
[INFO]	18/03/2025 03:24:40 PM - Instância 4: Precision=1.000, Recall=0.866, F1=0.928.
[INFO]	18/03/2025 03:24:42 PM - Gráfico de métricas salvo em ..\..\img\metrics\Métricas_Abrupt Increase of BSW_PPO.png
[INFO]	18/03/2025 03:24:42 PM - Métricas numéricas salvas (append) em ..\metrics\Métricas_Abrupt Increase of BSW_PPO.txt
[INFO]	18/03/2025 03:24:42 PM - Acurácia final: 94.864% no conjunto de dados de validação
[INFO]	18/03/2025 03:24:42 PM - Precision=1.000, Recall=0.851, F1=0.918
[INFO]	18/03/2025 03:24:42 PM - Métricas calculadas para 3 wells.
[INFO]	18/03/2025 03:24:42 PM - Gráfico de acurácia por well salvo em ..\..\img\metrics\ACC-WELL_Abrupt Increase of BSW_PPO_150000.png
[INFO]	18/03/2025 03:24:42 PM - Métricas (well) salvas/atualizadas em ..\..\metrics\acc_by_well.csv
[INFO]	18/03/2025 03:24:42 PM - Concluído a execução do algoritmo PPO-real para o evento Abrupt Increase of BSW
