[INFO]	18/03/2025 03:10:51 PM - Iniciando execução do algoritmo DQN-real para o evento Abrupt Increase of BSW com 300000 timesteps
[INFO]	18/03/2025 03:10:51 PM - Iniciando treinamento do algoritmo DQN com 300000 timesteps
[INFO]	18/03/2025 03:16:13 PM - Modelo final salvo em ..\models\Abrupt Increase of BSW-real\DQN\_DQN
[INFO]	18/03/2025 03:16:13 PM - Replay buffer salvo em ..\models\Abrupt Increase of BSW-real\DQN\replay_buffer\dqn_save_replay_buffer
[INFO]	18/03/2025 03:16:13 PM - Tempo de Treinamento DQN: 321.58s
[INFO]	18/03/2025 03:16:13 PM - Iniciando avaliação do algoritmo DQN no conjunto de teste
[INFO]	18/03/2025 03:16:13 PM - Avaliando o modelo DQN em ..\models\Abrupt Increase of BSW-real\DQN com 1 episódios.
[INFO]	18/03/2025 03:16:17 PM - Average accuracy for DQN: 0.9245007629536257
[INFO]	18/03/2025 03:16:17 PM - Acurácia: 0.92450 com 300000 timesteps
[INFO]	18/03/2025 03:16:17 PM - Iniciando a validação do modelo DQN
[INFO]	18/03/2025 03:16:17 PM - ValidationModel criado para o modelo 'DQN' e evento 'Abrupt Increase of BSW'.
[INFO]	18/03/2025 03:16:17 PM - Iniciando validação individual. Acurácia=0.925 > 0.80
[INFO]	18/03/2025 03:16:18 PM - Separados 4 grupos de instâncias para validação.
[INFO]	18/03/2025 03:16:18 PM - Predição da 1ª instância de validação com modelo 'DQN'.
[INFO]	18/03/2025 03:16:18 PM - Instância 1: Acurácia=99.655%, TN=75.535%, TP=24.120%
[INFO]	18/03/2025 03:16:18 PM - Instância 1: Precision=1.000, Recall=0.986, F1=0.993.
[INFO]	18/03/2025 03:16:19 PM - Predição da 2ª instância de validação com modelo 'DQN'.
[INFO]	18/03/2025 03:16:20 PM - Instância 2: Acurácia=98.405%, TN=33.911%, TP=64.494%
[INFO]	18/03/2025 03:16:20 PM - Instância 2: Precision=1.000, Recall=0.976, F1=0.988.
[INFO]	18/03/2025 03:16:21 PM - Predição da 3ª instância de validação com modelo 'DQN'.
[INFO]	18/03/2025 03:16:22 PM - Instância 3: Acurácia=95.797%, TN=58.901%, TP=36.896%
[INFO]	18/03/2025 03:16:22 PM - Instância 3: Precision=1.000, Recall=0.898, F1=0.946.
[INFO]	18/03/2025 03:16:28 PM - Predição da 4ª instância de validação com modelo 'DQN'.
[INFO]	18/03/2025 03:16:29 PM - Instância 4: Acurácia=98.648%, TN=80.511%, TP=18.137%
[INFO]	18/03/2025 03:16:29 PM - Instância 4: Precision=1.000, Recall=0.931, F1=0.964.
[INFO]	18/03/2025 03:16:30 PM - Gráfico de métricas salvo em ..\..\img\metrics\Métricas_Abrupt Increase of BSW_DQN.png
[INFO]	18/03/2025 03:16:30 PM - Métricas numéricas salvas (append) em ..\metrics\Métricas_Abrupt Increase of BSW_DQN.txt
[INFO]	18/03/2025 03:16:30 PM - Acurácia final: 98.126% no conjunto de dados de validação
[INFO]	18/03/2025 03:16:30 PM - Precision=1.000, Recall=0.948, F1=0.973
[INFO]	18/03/2025 03:16:30 PM - Métricas calculadas para 3 wells.
[INFO]	18/03/2025 03:16:31 PM - Gráfico de acurácia por well salvo em ..\..\img\metrics\ACC-WELL_Abrupt Increase of BSW_DQN_300000.png
[INFO]	18/03/2025 03:16:31 PM - Métricas (well) salvas/atualizadas em ..\..\metrics\acc_by_well.csv
[INFO]	18/03/2025 03:16:31 PM - Concluído a execução do algoritmo DQN-real para o evento Abrupt Increase of BSW
