[INFO]	18/03/2025 07:46:52 PM - Iniciando execução do algoritmo DQN-real para o evento Abrupt Increase of BSW com 100000 timesteps
[INFO]	18/03/2025 07:46:52 PM - Iniciando treinamento do algoritmo DQN com 100000 timesteps
[INFO]	18/03/2025 07:49:02 PM - Modelo final salvo em ..\models\Abrupt Increase of BSW-real\DQN\_DQN
[INFO]	18/03/2025 07:49:02 PM - Replay buffer salvo em ..\models\Abrupt Increase of BSW-real\DQN\replay_buffer\dqn_save_replay_buffer
[INFO]	18/03/2025 07:49:02 PM - Tempo de Treinamento DQN: 129.23s
[INFO]	18/03/2025 07:49:02 PM - Iniciando avaliação do algoritmo DQN no conjunto de teste
[INFO]	18/03/2025 07:49:02 PM - Avaliando o modelo DQN em ..\models\Abrupt Increase of BSW-real\DQN com 1 episódios.
[INFO]	18/03/2025 07:49:08 PM - Average accuracy for DQN: 0.9144496782326014
[INFO]	18/03/2025 07:49:08 PM - Acurácia: 0.91445 com 100000 timesteps
[INFO]	18/03/2025 07:49:08 PM - Iniciando a validação do modelo DQN
[INFO]	18/03/2025 07:49:08 PM - ValidationModel criado para o modelo 'DQN' e evento 'Abrupt Increase of BSW'.
[INFO]	18/03/2025 07:49:08 PM - Iniciando validação individual. Acurácia=0.914 > 0.80
[INFO]	18/03/2025 07:49:09 PM - Separados 4 grupos de instâncias para validação.
[INFO]	18/03/2025 07:49:09 PM - Predição da 1ª instância de validação com modelo 'DQN'.
[INFO]	18/03/2025 07:49:10 PM - Instância 1: Acurácia=99.413%, TN=75.535%, TP=23.879%
[INFO]	18/03/2025 07:49:10 PM - Instância 1: Precision=1.000, Recall=0.976, F1=0.988.
[INFO]	18/03/2025 07:49:12 PM - Predição da 2ª instância de validação com modelo 'DQN'.
[INFO]	18/03/2025 07:49:12 PM - Instância 2: Acurácia=96.463%, TN=33.911%, TP=62.552%
[INFO]	18/03/2025 07:49:12 PM - Instância 2: Precision=1.000, Recall=0.946, F1=0.973.
[INFO]	18/03/2025 07:49:13 PM - Predição da 3ª instância de validação com modelo 'DQN'.
[INFO]	18/03/2025 07:49:15 PM - Instância 3: Acurácia=95.956%, TN=58.901%, TP=37.055%
[INFO]	18/03/2025 07:49:15 PM - Instância 3: Precision=1.000, Recall=0.902, F1=0.948.
[INFO]	18/03/2025 07:49:21 PM - Predição da 4ª instância de validação com modelo 'DQN'.
[INFO]	18/03/2025 07:49:22 PM - Instância 4: Acurácia=92.321%, TN=80.511%, TP=11.810%
[INFO]	18/03/2025 07:49:22 PM - Instância 4: Precision=1.000, Recall=0.606, F1=0.755.
[INFO]	18/03/2025 07:49:23 PM - Gráfico de métricas salvo em ..\..\img\metrics\Métricas_Abrupt Increase of BSW_DQN.png
[INFO]	18/03/2025 07:49:23 PM - Métricas numéricas salvas (append) em ..\metrics\Métricas_Abrupt Increase of BSW_DQN.txt
[INFO]	18/03/2025 07:49:23 PM - Acurácia final: 96.038% no conjunto de dados de validação
[INFO]	18/03/2025 07:49:23 PM - Precision=1.000, Recall=0.858, F1=0.916
[INFO]	18/03/2025 07:49:23 PM - Métricas calculadas para 3 wells.
[INFO]	18/03/2025 07:49:24 PM - Gráfico de acurácia por well salvo em ..\..\img\metrics\ACC-WELL_Abrupt Increase of BSW_DQN_100000.png
[INFO]	18/03/2025 07:49:24 PM - Métricas (well) salvas/atualizadas em ..\..\metrics\acc_by_well.csv
[INFO]	18/03/2025 07:49:24 PM - Concluído a execução do algoritmo DQN-real para o evento Abrupt Increase of BSW
