[INFO]	16/03/2025 09:53:57 PM - Iniciando execução do algoritmo DQN-real para o evento Abrupt Increase of BSW com timesteps 100000
[INFO]	16/03/2025 09:53:57 PM - Iniciando treinamento do algoritmo DQN com 100000 timesteps
[INFO]	16/03/2025 09:56:18 PM - Modelo final salvo em ..\models\Abrupt Increase of BSW-real\DQN\_DQN
[INFO]	16/03/2025 09:56:18 PM - Replay buffer salvo em ..\models\Abrupt Increase of BSW-real\DQN\replay_buffer\dqn_save_replay_buffer
[INFO]	16/03/2025 09:56:18 PM - Tempo de Treinamento DQN: 140.94s
[INFO]	16/03/2025 09:56:18 PM - Iniciando avaliação do algoritmo DQN no conjunto de teste
[INFO]	16/03/2025 09:56:18 PM - Avaliando o modelo DQN em ..\models\Abrupt Increase of BSW-real\DQN com 1 episódios.
[INFO]	16/03/2025 09:56:25 PM - Average accuracy for DQN: 0.9255237608584568
[INFO]	16/03/2025 09:56:25 PM - Acurácia: 0.92552
[INFO]	16/03/2025 09:56:25 PM - Iniciando a validação do modelo DQN
[INFO]	16/03/2025 09:56:25 PM - ValidationModel criado para o modelo 'DQN' e evento 'Abrupt Increase of BSW'.
[INFO]	16/03/2025 09:56:25 PM - Iniciando validação individual. Acurácia=0.926 > 0.80
[INFO]	16/03/2025 09:56:25 PM - Separados 4 grupos de instâncias para validação.
[INFO]	16/03/2025 09:56:25 PM - Predição da 1ª instância de validação com modelo 'DQN'.
[INFO]	16/03/2025 09:56:26 PM - Instância 1: Acurácia=99.551%, TN=75.535%, TP=24.017%
[INFO]	16/03/2025 09:56:26 PM - Instância 1: Precision=1.000, Recall=0.982, F1=0.991.
[INFO]	16/03/2025 09:56:28 PM - Predição da 2ª instância de validação com modelo 'DQN'.
[INFO]	16/03/2025 09:56:29 PM - Instância 2: Acurácia=96.671%, TN=33.911%, TP=62.760%
[INFO]	16/03/2025 09:56:29 PM - Instância 2: Precision=1.000, Recall=0.950, F1=0.974.
[INFO]	16/03/2025 09:56:30 PM - Predição da 3ª instância de validação com modelo 'DQN'.
[INFO]	16/03/2025 09:56:35 PM - Instância 3: Acurácia=94.705%, TN=58.901%, TP=35.804%
[INFO]	16/03/2025 09:56:35 PM - Instância 3: Precision=1.000, Recall=0.871, F1=0.931.
[INFO]	16/03/2025 09:56:43 PM - Predição da 4ª instância de validação com modelo 'DQN'.
[INFO]	16/03/2025 09:56:44 PM - Instância 4: Acurácia=97.916%, TN=80.511%, TP=17.405%
[INFO]	16/03/2025 09:56:44 PM - Instância 4: Precision=1.000, Recall=0.893, F1=0.944.
[INFO]	16/03/2025 09:56:46 PM - Gráfico de métricas salvo em ..\..\img\metrics\Métricas_Abrupt Increase of BSW_DQN.png
[INFO]	16/03/2025 09:56:46 PM - Métricas numéricas salvas em ..\metrics\Métricas_Abrupt Increase of BSW_DQN.txt
[INFO]	16/03/2025 09:56:46 PM - Acurácia final: 97.211% no conjunto de dados de validação
[INFO]	16/03/2025 09:56:46 PM - Precision=1.000, Recall=0.924, F1=0.960
[INFO]	16/03/2025 09:56:46 PM - Métricas calculadas para 3 wells.
[INFO]	16/03/2025 09:56:47 PM - Gráfico de acurácia por well salvo em ..\..\img\metrics\Acuracia_por_well_Abrupt Increase of BSW_DQN.png
[INFO]	16/03/2025 09:56:47 PM - Concluído a execução do algoritmo DQN-real para o evento Abrupt Increase of BSW
