[INFO]	18/03/2025 05:07:31 PM - Iniciando execução do algoritmo DQN-real para o evento Flow Instability com 300000 timesteps
[INFO]	18/03/2025 05:07:31 PM - Iniciando treinamento do algoritmo DQN com 300000 timesteps
[INFO]	18/03/2025 05:13:18 PM - Modelo final salvo em ..\models\Flow Instability-real\DQN\_DQN
[INFO]	18/03/2025 05:13:18 PM - Replay buffer salvo em ..\models\Flow Instability-real\DQN\replay_buffer\dqn_save_replay_buffer
[INFO]	18/03/2025 05:13:18 PM - Tempo de Treinamento DQN: 346.51s
[INFO]	18/03/2025 05:13:18 PM - Iniciando avaliação do algoritmo DQN no conjunto de teste
[INFO]	18/03/2025 05:13:18 PM - Avaliando o modelo DQN em ..\models\Flow Instability-real\DQN com 1 episódios.
[INFO]	18/03/2025 05:14:17 PM - Average accuracy for DQN: 0.9501233604441789
[INFO]	18/03/2025 05:14:17 PM - Acurácia: 0.95012 com 300000 timesteps
[INFO]	18/03/2025 05:14:17 PM - Iniciando a validação do modelo DQN
[INFO]	18/03/2025 05:14:17 PM - ValidationModel criado para o modelo 'DQN' e evento 'Flow Instability'.
[INFO]	18/03/2025 05:14:17 PM - Iniciando validação individual. Acurácia=0.950 > 0.80
[INFO]	18/03/2025 05:14:19 PM - Separados 26 grupos de instâncias para validação.
[INFO]	18/03/2025 05:14:19 PM - Predição da 1ª instância de validação com modelo 'DQN'.
[INFO]	18/03/2025 05:14:20 PM - Instância 1: Acurácia=100.000%, TN=0.000%, TP=100.000%
[INFO]	18/03/2025 05:14:20 PM - Instância 1: Precision=1.000, Recall=1.000, F1=1.000.
[INFO]	18/03/2025 05:14:22 PM - Predição da 2ª instância de validação com modelo 'DQN'.
[INFO]	18/03/2025 05:14:22 PM - Instância 2: Acurácia=100.000%, TN=0.000%, TP=100.000%
[INFO]	18/03/2025 05:14:22 PM - Instância 2: Precision=1.000, Recall=1.000, F1=1.000.
[INFO]	18/03/2025 05:14:24 PM - Predição da 3ª instância de validação com modelo 'DQN'.
[INFO]	18/03/2025 05:14:25 PM - Instância 3: Acurácia=100.000%, TN=0.000%, TP=100.000%
[INFO]	18/03/2025 05:14:25 PM - Instância 3: Precision=1.000, Recall=1.000, F1=1.000.
[INFO]	18/03/2025 05:14:27 PM - Predição da 4ª instância de validação com modelo 'DQN'.
[INFO]	18/03/2025 05:14:27 PM - Instância 4: Acurácia=100.000%, TN=0.000%, TP=100.000%
[INFO]	18/03/2025 05:14:27 PM - Instância 4: Precision=1.000, Recall=1.000, F1=1.000.
[INFO]	18/03/2025 05:14:28 PM - Predição da 5ª instância de validação com modelo 'DQN'.
[INFO]	18/03/2025 05:14:29 PM - Instância 5: Acurácia=100.000%, TN=0.000%, TP=100.000%
[INFO]	18/03/2025 05:14:29 PM - Instância 5: Precision=1.000, Recall=1.000, F1=1.000.
[INFO]	18/03/2025 05:14:30 PM - Predição da 6ª instância de validação com modelo 'DQN'.
[INFO]	18/03/2025 05:14:30 PM - Instância 6: Acurácia=100.000%, TN=0.000%, TP=100.000%
[INFO]	18/03/2025 05:14:30 PM - Instância 6: Precision=1.000, Recall=1.000, F1=1.000.
[INFO]	18/03/2025 05:14:31 PM - Predição da 7ª instância de validação com modelo 'DQN'.
[INFO]	18/03/2025 05:14:36 PM - Instância 7: Acurácia=100.000%, TN=0.000%, TP=100.000%
[INFO]	18/03/2025 05:14:36 PM - Instância 7: Precision=1.000, Recall=1.000, F1=1.000.
[INFO]	18/03/2025 05:14:40 PM - Predição da 8ª instância de validação com modelo 'DQN'.
[INFO]	18/03/2025 05:14:42 PM - Instância 8: Acurácia=100.000%, TN=0.000%, TP=100.000%
[INFO]	18/03/2025 05:14:42 PM - Instância 8: Precision=1.000, Recall=1.000, F1=1.000.
[INFO]	18/03/2025 05:14:45 PM - Predição da 9ª instância de validação com modelo 'DQN'.
[INFO]	18/03/2025 05:14:47 PM - Instância 9: Acurácia=100.000%, TN=0.000%, TP=100.000%
[INFO]	18/03/2025 05:14:47 PM - Instância 9: Precision=1.000, Recall=1.000, F1=1.000.
[INFO]	18/03/2025 05:14:50 PM - Predição da 10ª instância de validação com modelo 'DQN'.
[INFO]	18/03/2025 05:14:51 PM - Instância 10: Acurácia=100.000%, TN=0.000%, TP=100.000%
[INFO]	18/03/2025 05:14:51 PM - Instância 10: Precision=1.000, Recall=1.000, F1=1.000.
[INFO]	18/03/2025 05:14:54 PM - Predição da 11ª instância de validação com modelo 'DQN'.
[INFO]	18/03/2025 05:14:56 PM - Instância 11: Acurácia=100.000%, TN=0.000%, TP=100.000%
[INFO]	18/03/2025 05:14:56 PM - Instância 11: Precision=1.000, Recall=1.000, F1=1.000.
[INFO]	18/03/2025 05:14:58 PM - Predição da 12ª instância de validação com modelo 'DQN'.
[INFO]	18/03/2025 05:14:59 PM - Instância 12: Acurácia=100.000%, TN=0.000%, TP=100.000%
[INFO]	18/03/2025 05:14:59 PM - Instância 12: Precision=1.000, Recall=1.000, F1=1.000.
[INFO]	18/03/2025 05:15:00 PM - Predição da 13ª instância de validação com modelo 'DQN'.
[INFO]	18/03/2025 05:15:00 PM - Instância 13: Acurácia=100.000%, TN=0.000%, TP=100.000%
[INFO]	18/03/2025 05:15:00 PM - Instância 13: Precision=1.000, Recall=1.000, F1=1.000.
[INFO]	18/03/2025 05:15:01 PM - Predição da 14ª instância de validação com modelo 'DQN'.
[INFO]	18/03/2025 05:15:02 PM - Instância 14: Acurácia=100.000%, TN=0.000%, TP=100.000%
[INFO]	18/03/2025 05:15:02 PM - Instância 14: Precision=1.000, Recall=1.000, F1=1.000.
[INFO]	18/03/2025 05:15:03 PM - Predição da 15ª instância de validação com modelo 'DQN'.
[INFO]	18/03/2025 05:15:04 PM - Instância 15: Acurácia=100.000%, TN=0.000%, TP=100.000%
[INFO]	18/03/2025 05:15:04 PM - Instância 15: Precision=1.000, Recall=1.000, F1=1.000.
[INFO]	18/03/2025 05:15:06 PM - Predição da 16ª instância de validação com modelo 'DQN'.
[INFO]	18/03/2025 05:15:06 PM - Instância 16: Acurácia=100.000%, TN=0.000%, TP=100.000%
[INFO]	18/03/2025 05:15:06 PM - Instância 16: Precision=1.000, Recall=1.000, F1=1.000.
[INFO]	18/03/2025 05:15:07 PM - Predição da 17ª instância de validação com modelo 'DQN'.
[INFO]	18/03/2025 05:15:08 PM - Instância 17: Acurácia=100.000%, TN=0.000%, TP=100.000%
[INFO]	18/03/2025 05:15:08 PM - Instância 17: Precision=1.000, Recall=1.000, F1=1.000.
[INFO]	18/03/2025 05:15:09 PM - Predição da 18ª instância de validação com modelo 'DQN'.
[INFO]	18/03/2025 05:15:10 PM - Instância 18: Acurácia=100.000%, TN=0.000%, TP=100.000%
[INFO]	18/03/2025 05:15:10 PM - Instância 18: Precision=1.000, Recall=1.000, F1=1.000.
[INFO]	18/03/2025 05:15:12 PM - Predição da 19ª instância de validação com modelo 'DQN'.
[INFO]	18/03/2025 05:15:12 PM - Instância 19: Acurácia=100.000%, TN=0.000%, TP=100.000%
[INFO]	18/03/2025 05:15:12 PM - Instância 19: Precision=1.000, Recall=1.000, F1=1.000.
[INFO]	18/03/2025 05:15:13 PM - Predição da 20ª instância de validação com modelo 'DQN'.
[INFO]	18/03/2025 05:15:15 PM - Instância 20: Acurácia=100.000%, TN=0.000%, TP=100.000%
[INFO]	18/03/2025 05:15:15 PM - Instância 20: Precision=1.000, Recall=1.000, F1=1.000.
[INFO]	18/03/2025 05:15:18 PM - Predição da 21ª instância de validação com modelo 'DQN'.
[INFO]	18/03/2025 05:15:18 PM - Instância 21: Acurácia=100.000%, TN=0.000%, TP=100.000%
[INFO]	18/03/2025 05:15:18 PM - Instância 21: Precision=1.000, Recall=1.000, F1=1.000.
[INFO]	18/03/2025 05:15:20 PM - Predição da 22ª instância de validação com modelo 'DQN'.
[INFO]	18/03/2025 05:15:21 PM - Instância 22: Acurácia=100.000%, TN=0.000%, TP=100.000%
[INFO]	18/03/2025 05:15:21 PM - Instância 22: Precision=1.000, Recall=1.000, F1=1.000.
[INFO]	18/03/2025 05:15:23 PM - Predição da 23ª instância de validação com modelo 'DQN'.
[INFO]	18/03/2025 05:15:23 PM - Instância 23: Acurácia=100.000%, TN=0.000%, TP=100.000%
[INFO]	18/03/2025 05:15:23 PM - Instância 23: Precision=1.000, Recall=1.000, F1=1.000.
[INFO]	18/03/2025 05:15:24 PM - Predição da 24ª instância de validação com modelo 'DQN'.
[INFO]	18/03/2025 05:15:24 PM - Instância 24: Acurácia=100.000%, TN=0.000%, TP=100.000%
[INFO]	18/03/2025 05:15:24 PM - Instância 24: Precision=1.000, Recall=1.000, F1=1.000.
[INFO]	18/03/2025 05:15:26 PM - Predição da 25ª instância de validação com modelo 'DQN'.
[INFO]	18/03/2025 05:15:27 PM - Instância 25: Acurácia=100.000%, TN=0.000%, TP=100.000%
[INFO]	18/03/2025 05:15:27 PM - Instância 25: Precision=1.000, Recall=1.000, F1=1.000.
[INFO]	18/03/2025 05:15:29 PM - Predição da 26ª instância de validação com modelo 'DQN'.
[INFO]	18/03/2025 05:15:35 PM - Instância 26: Acurácia=100.000%, TN=0.000%, TP=100.000%
[INFO]	18/03/2025 05:15:35 PM - Instância 26: Precision=1.000, Recall=1.000, F1=1.000.
[INFO]	18/03/2025 05:15:40 PM - Gráfico de métricas salvo em ..\..\img\metrics\Métricas_Flow Instability_DQN.png
[INFO]	18/03/2025 05:15:40 PM - Métricas numéricas salvas (append) em ..\metrics\Métricas_Flow Instability_DQN.txt
[INFO]	18/03/2025 05:15:40 PM - Acurácia final: 100.000% no conjunto de dados de validação
[INFO]	18/03/2025 05:15:40 PM - Precision=1.000, Recall=1.000, F1=1.000
[INFO]	18/03/2025 05:15:40 PM - Métricas calculadas para 7 wells.
[INFO]	18/03/2025 05:15:41 PM - Gráfico de acurácia por well salvo em ..\..\img\metrics\ACC-WELL_Flow Instability_DQN_300000.png
[INFO]	18/03/2025 05:15:41 PM - Métricas (well) salvas/atualizadas em ..\..\metrics\acc_by_well.csv
[INFO]	18/03/2025 05:15:41 PM - Concluído a execução do algoritmo DQN-real para o evento Flow Instability
