[INFO]	18/03/2025 05:35:26 PM - Iniciando execução do algoritmo PPO-real para o evento Flow Instability com 300000 timesteps
[INFO]	18/03/2025 05:35:26 PM - Iniciando treinamento do algoritmo PPO com 300000 timesteps
[INFO]	18/03/2025 05:45:09 PM - Modelo final salvo em ..\models\Flow Instability-real\PPO\_PPO
[INFO]	18/03/2025 05:45:09 PM - Tempo de Treinamento PPO: 582.33s
[INFO]	18/03/2025 05:45:09 PM - Iniciando avaliação do algoritmo PPO no conjunto de teste
[INFO]	18/03/2025 05:45:09 PM - Avaliando o modelo PPO em ..\models\Flow Instability-real\PPO com 1 episódios.
[INFO]	18/03/2025 05:51:00 PM - Average accuracy for PPO: 1.0
[INFO]	18/03/2025 05:51:00 PM - Acurácia: 1.00000 com 300000 timesteps
[INFO]	18/03/2025 05:51:00 PM - Iniciando a validação do modelo PPO
[INFO]	18/03/2025 05:51:00 PM - ValidationModel criado para o modelo 'PPO' e evento 'Flow Instability'.
[INFO]	18/03/2025 05:51:00 PM - Iniciando validação individual. Acurácia=1.000 > 0.80
[INFO]	18/03/2025 05:51:02 PM - Separados 26 grupos de instâncias para validação.
[INFO]	18/03/2025 05:51:02 PM - Predição da 1ª instância de validação com modelo 'PPO'.
[INFO]	18/03/2025 05:51:04 PM - Instância 1: Acurácia=100.000%, TN=0.000%, TP=100.000%
[INFO]	18/03/2025 05:51:04 PM - Instância 1: Precision=1.000, Recall=1.000, F1=1.000.
[INFO]	18/03/2025 05:51:06 PM - Predição da 2ª instância de validação com modelo 'PPO'.
[INFO]	18/03/2025 05:51:06 PM - Instância 2: Acurácia=100.000%, TN=0.000%, TP=100.000%
[INFO]	18/03/2025 05:51:06 PM - Instância 2: Precision=1.000, Recall=1.000, F1=1.000.
[INFO]	18/03/2025 05:51:08 PM - Predição da 3ª instância de validação com modelo 'PPO'.
[INFO]	18/03/2025 05:51:10 PM - Instância 3: Acurácia=100.000%, TN=0.000%, TP=100.000%
[INFO]	18/03/2025 05:51:10 PM - Instância 3: Precision=1.000, Recall=1.000, F1=1.000.
[INFO]	18/03/2025 05:51:13 PM - Predição da 4ª instância de validação com modelo 'PPO'.
[INFO]	18/03/2025 05:51:14 PM - Instância 4: Acurácia=100.000%, TN=0.000%, TP=100.000%
[INFO]	18/03/2025 05:51:14 PM - Instância 4: Precision=1.000, Recall=1.000, F1=1.000.
[INFO]	18/03/2025 05:51:15 PM - Predição da 5ª instância de validação com modelo 'PPO'.
[INFO]	18/03/2025 05:51:15 PM - Instância 5: Acurácia=100.000%, TN=0.000%, TP=100.000%
[INFO]	18/03/2025 05:51:15 PM - Instância 5: Precision=1.000, Recall=1.000, F1=1.000.
[INFO]	18/03/2025 05:51:17 PM - Predição da 6ª instância de validação com modelo 'PPO'.
[INFO]	18/03/2025 05:51:17 PM - Instância 6: Acurácia=100.000%, TN=0.000%, TP=100.000%
[INFO]	18/03/2025 05:51:17 PM - Instância 6: Precision=1.000, Recall=1.000, F1=1.000.
[INFO]	18/03/2025 05:51:18 PM - Predição da 7ª instância de validação com modelo 'PPO'.
[INFO]	18/03/2025 05:51:28 PM - Instância 7: Acurácia=100.000%, TN=0.000%, TP=100.000%
[INFO]	18/03/2025 05:51:28 PM - Instância 7: Precision=1.000, Recall=1.000, F1=1.000.
[INFO]	18/03/2025 05:51:32 PM - Predição da 8ª instância de validação com modelo 'PPO'.
[INFO]	18/03/2025 05:51:37 PM - Instância 8: Acurácia=100.000%, TN=0.000%, TP=100.000%
[INFO]	18/03/2025 05:51:37 PM - Instância 8: Precision=1.000, Recall=1.000, F1=1.000.
[INFO]	18/03/2025 05:51:39 PM - Predição da 9ª instância de validação com modelo 'PPO'.
[INFO]	18/03/2025 05:51:43 PM - Instância 9: Acurácia=100.000%, TN=0.000%, TP=100.000%
[INFO]	18/03/2025 05:51:43 PM - Instância 9: Precision=1.000, Recall=1.000, F1=1.000.
[INFO]	18/03/2025 05:51:46 PM - Predição da 10ª instância de validação com modelo 'PPO'.
[INFO]	18/03/2025 05:51:49 PM - Instância 10: Acurácia=100.000%, TN=0.000%, TP=100.000%
[INFO]	18/03/2025 05:51:49 PM - Instância 10: Precision=1.000, Recall=1.000, F1=1.000.
[INFO]	18/03/2025 05:51:51 PM - Predição da 11ª instância de validação com modelo 'PPO'.
[INFO]	18/03/2025 05:51:56 PM - Instância 11: Acurácia=100.000%, TN=0.000%, TP=100.000%
[INFO]	18/03/2025 05:51:56 PM - Instância 11: Precision=1.000, Recall=1.000, F1=1.000.
[INFO]	18/03/2025 05:51:58 PM - Predição da 12ª instância de validação com modelo 'PPO'.
[INFO]	18/03/2025 05:51:58 PM - Instância 12: Acurácia=100.000%, TN=0.000%, TP=100.000%
[INFO]	18/03/2025 05:51:58 PM - Instância 12: Precision=1.000, Recall=1.000, F1=1.000.
[INFO]	18/03/2025 05:51:59 PM - Predição da 13ª instância de validação com modelo 'PPO'.
[INFO]	18/03/2025 05:52:00 PM - Instância 13: Acurácia=100.000%, TN=0.000%, TP=100.000%
[INFO]	18/03/2025 05:52:00 PM - Instância 13: Precision=1.000, Recall=1.000, F1=1.000.
[INFO]	18/03/2025 05:52:01 PM - Predição da 14ª instância de validação com modelo 'PPO'.
[INFO]	18/03/2025 05:52:02 PM - Instância 14: Acurácia=100.000%, TN=0.000%, TP=100.000%
[INFO]	18/03/2025 05:52:02 PM - Instância 14: Precision=1.000, Recall=1.000, F1=1.000.
[INFO]	18/03/2025 05:52:04 PM - Predição da 15ª instância de validação com modelo 'PPO'.
[INFO]	18/03/2025 05:52:05 PM - Instância 15: Acurácia=100.000%, TN=0.000%, TP=100.000%
[INFO]	18/03/2025 05:52:05 PM - Instância 15: Precision=1.000, Recall=1.000, F1=1.000.
[INFO]	18/03/2025 05:52:07 PM - Predição da 16ª instância de validação com modelo 'PPO'.
[INFO]	18/03/2025 05:52:07 PM - Instância 16: Acurácia=100.000%, TN=0.000%, TP=100.000%
[INFO]	18/03/2025 05:52:07 PM - Instância 16: Precision=1.000, Recall=1.000, F1=1.000.
[INFO]	18/03/2025 05:52:08 PM - Predição da 17ª instância de validação com modelo 'PPO'.
[INFO]	18/03/2025 05:52:09 PM - Instância 17: Acurácia=100.000%, TN=0.000%, TP=100.000%
[INFO]	18/03/2025 05:52:09 PM - Instância 17: Precision=1.000, Recall=1.000, F1=1.000.
[INFO]	18/03/2025 05:52:11 PM - Predição da 18ª instância de validação com modelo 'PPO'.
[INFO]	18/03/2025 05:52:12 PM - Instância 18: Acurácia=100.000%, TN=0.000%, TP=100.000%
[INFO]	18/03/2025 05:52:12 PM - Instância 18: Precision=1.000, Recall=1.000, F1=1.000.
[INFO]	18/03/2025 05:52:14 PM - Predição da 19ª instância de validação com modelo 'PPO'.
[INFO]	18/03/2025 05:52:14 PM - Instância 19: Acurácia=100.000%, TN=0.000%, TP=100.000%
[INFO]	18/03/2025 05:52:14 PM - Instância 19: Precision=1.000, Recall=1.000, F1=1.000.
[INFO]	18/03/2025 05:52:16 PM - Predição da 20ª instância de validação com modelo 'PPO'.
[INFO]	18/03/2025 05:52:20 PM - Instância 20: Acurácia=100.000%, TN=0.000%, TP=100.000%
[INFO]	18/03/2025 05:52:20 PM - Instância 20: Precision=1.000, Recall=1.000, F1=1.000.
[INFO]	18/03/2025 05:52:22 PM - Predição da 21ª instância de validação com modelo 'PPO'.
[INFO]	18/03/2025 05:52:24 PM - Instância 21: Acurácia=100.000%, TN=0.000%, TP=100.000%
[INFO]	18/03/2025 05:52:24 PM - Instância 21: Precision=1.000, Recall=1.000, F1=1.000.
[INFO]	18/03/2025 05:52:25 PM - Predição da 22ª instância de validação com modelo 'PPO'.
[INFO]	18/03/2025 05:52:27 PM - Instância 22: Acurácia=100.000%, TN=0.000%, TP=100.000%
[INFO]	18/03/2025 05:52:27 PM - Instância 22: Precision=1.000, Recall=1.000, F1=1.000.
[INFO]	18/03/2025 05:52:29 PM - Predição da 23ª instância de validação com modelo 'PPO'.
[INFO]	18/03/2025 05:52:29 PM - Instância 23: Acurácia=100.000%, TN=0.000%, TP=100.000%
[INFO]	18/03/2025 05:52:29 PM - Instância 23: Precision=1.000, Recall=1.000, F1=1.000.
[INFO]	18/03/2025 05:52:30 PM - Predição da 24ª instância de validação com modelo 'PPO'.
[INFO]	18/03/2025 05:52:31 PM - Instância 24: Acurácia=100.000%, TN=0.000%, TP=100.000%
[INFO]	18/03/2025 05:52:31 PM - Instância 24: Precision=1.000, Recall=1.000, F1=1.000.
[INFO]	18/03/2025 05:52:32 PM - Predição da 25ª instância de validação com modelo 'PPO'.
[INFO]	18/03/2025 05:52:34 PM - Instância 25: Acurácia=100.000%, TN=0.000%, TP=100.000%
[INFO]	18/03/2025 05:52:34 PM - Instância 25: Precision=1.000, Recall=1.000, F1=1.000.
[INFO]	18/03/2025 05:52:36 PM - Predição da 26ª instância de validação com modelo 'PPO'.
[INFO]	18/03/2025 05:52:47 PM - Instância 26: Acurácia=100.000%, TN=0.000%, TP=100.000%
[INFO]	18/03/2025 05:52:47 PM - Instância 26: Precision=1.000, Recall=1.000, F1=1.000.
[INFO]	18/03/2025 05:52:52 PM - Gráfico de métricas salvo em ..\..\img\metrics\Métricas_Flow Instability_PPO.png
[INFO]	18/03/2025 05:52:52 PM - Métricas numéricas salvas (append) em ..\metrics\Métricas_Flow Instability_PPO.txt
[INFO]	18/03/2025 05:52:52 PM - Acurácia final: 100.000% no conjunto de dados de validação
[INFO]	18/03/2025 05:52:52 PM - Precision=1.000, Recall=1.000, F1=1.000
[INFO]	18/03/2025 05:52:52 PM - Métricas calculadas para 7 wells.
[INFO]	18/03/2025 05:52:53 PM - Gráfico de acurácia por well salvo em ..\..\img\metrics\ACC-WELL_Flow Instability_PPO_300000.png
[INFO]	18/03/2025 05:52:53 PM - Métricas (well) salvas/atualizadas em ..\..\metrics\acc_by_well.csv
[INFO]	18/03/2025 05:52:53 PM - Concluído a execução do algoritmo PPO-real para o evento Flow Instability
