[INFO]	18/03/2025 05:17:33 PM - Iniciando execução do algoritmo PPO-real para o evento Flow Instability com 10000 timesteps
[INFO]	18/03/2025 05:17:33 PM - Iniciando treinamento do algoritmo PPO com 10000 timesteps
[INFO]	18/03/2025 05:17:47 PM - Modelo final salvo em ..\models\Flow Instability-real\PPO\_PPO
[INFO]	18/03/2025 05:17:47 PM - Tempo de Treinamento PPO: 14.24s
[INFO]	18/03/2025 05:17:47 PM - Iniciando avaliação do algoritmo PPO no conjunto de teste
[INFO]	18/03/2025 05:17:47 PM - Avaliando o modelo PPO em ..\models\Flow Instability-real\PPO com 1 episódios.
[INFO]	18/03/2025 05:19:34 PM - Average accuracy for PPO: 0.9993293419014986
[INFO]	18/03/2025 05:19:34 PM - Acurácia: 0.99933 com 10000 timesteps
[INFO]	18/03/2025 05:19:34 PM - Iniciando a validação do modelo PPO
[INFO]	18/03/2025 05:19:34 PM - ValidationModel criado para o modelo 'PPO' e evento 'Flow Instability'.
[INFO]	18/03/2025 05:19:34 PM - Iniciando validação individual. Acurácia=0.999 > 0.80
[INFO]	18/03/2025 05:19:36 PM - Separados 26 grupos de instâncias para validação.
[INFO]	18/03/2025 05:19:36 PM - Predição da 1ª instância de validação com modelo 'PPO'.
[INFO]	18/03/2025 05:19:37 PM - Instância 1: Acurácia=100.000%, TN=0.000%, TP=100.000%
[INFO]	18/03/2025 05:19:37 PM - Instância 1: Precision=1.000, Recall=1.000, F1=1.000.
[INFO]	18/03/2025 05:19:39 PM - Predição da 2ª instância de validação com modelo 'PPO'.
[INFO]	18/03/2025 05:19:39 PM - Instância 2: Acurácia=100.000%, TN=0.000%, TP=100.000%
[INFO]	18/03/2025 05:19:39 PM - Instância 2: Precision=1.000, Recall=1.000, F1=1.000.
[INFO]	18/03/2025 05:19:41 PM - Predição da 3ª instância de validação com modelo 'PPO'.
[INFO]	18/03/2025 05:19:43 PM - Instância 3: Acurácia=100.000%, TN=0.000%, TP=100.000%
[INFO]	18/03/2025 05:19:43 PM - Instância 3: Precision=1.000, Recall=1.000, F1=1.000.
[INFO]	18/03/2025 05:19:45 PM - Predição da 4ª instância de validação com modelo 'PPO'.
[INFO]	18/03/2025 05:19:45 PM - Instância 4: Acurácia=100.000%, TN=0.000%, TP=100.000%
[INFO]	18/03/2025 05:19:45 PM - Instância 4: Precision=1.000, Recall=1.000, F1=1.000.
[INFO]	18/03/2025 05:19:46 PM - Predição da 5ª instância de validação com modelo 'PPO'.
[INFO]	18/03/2025 05:19:47 PM - Instância 5: Acurácia=100.000%, TN=0.000%, TP=100.000%
[INFO]	18/03/2025 05:19:47 PM - Instância 5: Precision=1.000, Recall=1.000, F1=1.000.
[INFO]	18/03/2025 05:19:48 PM - Predição da 6ª instância de validação com modelo 'PPO'.
[INFO]	18/03/2025 05:19:48 PM - Instância 6: Acurácia=100.000%, TN=0.000%, TP=100.000%
[INFO]	18/03/2025 05:19:48 PM - Instância 6: Precision=1.000, Recall=1.000, F1=1.000.
[INFO]	18/03/2025 05:19:50 PM - Predição da 7ª instância de validação com modelo 'PPO'.
[INFO]	18/03/2025 05:19:58 PM - Instância 7: Acurácia=100.000%, TN=0.000%, TP=100.000%
[INFO]	18/03/2025 05:19:58 PM - Instância 7: Precision=1.000, Recall=1.000, F1=1.000.
[INFO]	18/03/2025 05:20:01 PM - Predição da 8ª instância de validação com modelo 'PPO'.
[INFO]	18/03/2025 05:20:06 PM - Instância 8: Acurácia=100.000%, TN=0.000%, TP=100.000%
[INFO]	18/03/2025 05:20:06 PM - Instância 8: Precision=1.000, Recall=1.000, F1=1.000.
[INFO]	18/03/2025 05:20:09 PM - Predição da 9ª instância de validação com modelo 'PPO'.
[INFO]	18/03/2025 05:20:13 PM - Instância 9: Acurácia=100.000%, TN=0.000%, TP=100.000%
[INFO]	18/03/2025 05:20:13 PM - Instância 9: Precision=1.000, Recall=1.000, F1=1.000.
[INFO]	18/03/2025 05:20:15 PM - Predição da 10ª instância de validação com modelo 'PPO'.
[INFO]	18/03/2025 05:20:18 PM - Instância 10: Acurácia=100.000%, TN=0.000%, TP=100.000%
[INFO]	18/03/2025 05:20:18 PM - Instância 10: Precision=1.000, Recall=1.000, F1=1.000.
[INFO]	18/03/2025 05:20:20 PM - Predição da 11ª instância de validação com modelo 'PPO'.
[INFO]	18/03/2025 05:20:24 PM - Instância 11: Acurácia=100.000%, TN=0.000%, TP=100.000%
[INFO]	18/03/2025 05:20:24 PM - Instância 11: Precision=1.000, Recall=1.000, F1=1.000.
[INFO]	18/03/2025 05:20:27 PM - Predição da 12ª instância de validação com modelo 'PPO'.
[INFO]	18/03/2025 05:20:27 PM - Instância 12: Acurácia=100.000%, TN=0.000%, TP=100.000%
[INFO]	18/03/2025 05:20:27 PM - Instância 12: Precision=1.000, Recall=1.000, F1=1.000.
[INFO]	18/03/2025 05:20:28 PM - Predição da 13ª instância de validação com modelo 'PPO'.
[INFO]	18/03/2025 05:20:28 PM - Instância 13: Acurácia=100.000%, TN=0.000%, TP=100.000%
[INFO]	18/03/2025 05:20:28 PM - Instância 13: Precision=1.000, Recall=1.000, F1=1.000.
[INFO]	18/03/2025 05:20:30 PM - Predição da 14ª instância de validação com modelo 'PPO'.
[INFO]	18/03/2025 05:20:30 PM - Instância 14: Acurácia=100.000%, TN=0.000%, TP=100.000%
[INFO]	18/03/2025 05:20:30 PM - Instância 14: Precision=1.000, Recall=1.000, F1=1.000.
[INFO]	18/03/2025 05:20:32 PM - Predição da 15ª instância de validação com modelo 'PPO'.
[INFO]	18/03/2025 05:20:34 PM - Instância 15: Acurácia=100.000%, TN=0.000%, TP=100.000%
[INFO]	18/03/2025 05:20:34 PM - Instância 15: Precision=1.000, Recall=1.000, F1=1.000.
[INFO]	18/03/2025 05:20:35 PM - Predição da 16ª instância de validação com modelo 'PPO'.
[INFO]	18/03/2025 05:20:35 PM - Instância 16: Acurácia=100.000%, TN=0.000%, TP=100.000%
[INFO]	18/03/2025 05:20:35 PM - Instância 16: Precision=1.000, Recall=1.000, F1=1.000.
[INFO]	18/03/2025 05:20:37 PM - Predição da 17ª instância de validação com modelo 'PPO'.
[INFO]	18/03/2025 05:20:38 PM - Instância 17: Acurácia=100.000%, TN=0.000%, TP=100.000%
[INFO]	18/03/2025 05:20:38 PM - Instância 17: Precision=1.000, Recall=1.000, F1=1.000.
[INFO]	18/03/2025 05:20:39 PM - Predição da 18ª instância de validação com modelo 'PPO'.
[INFO]	18/03/2025 05:20:41 PM - Instância 18: Acurácia=100.000%, TN=0.000%, TP=100.000%
[INFO]	18/03/2025 05:20:41 PM - Instância 18: Precision=1.000, Recall=1.000, F1=1.000.
[INFO]	18/03/2025 05:20:42 PM - Predição da 19ª instância de validação com modelo 'PPO'.
[INFO]	18/03/2025 05:20:43 PM - Instância 19: Acurácia=100.000%, TN=0.000%, TP=100.000%
[INFO]	18/03/2025 05:20:43 PM - Instância 19: Precision=1.000, Recall=1.000, F1=1.000.
[INFO]	18/03/2025 05:20:44 PM - Predição da 20ª instância de validação com modelo 'PPO'.
[INFO]	18/03/2025 05:20:48 PM - Instância 20: Acurácia=100.000%, TN=0.000%, TP=100.000%
[INFO]	18/03/2025 05:20:48 PM - Instância 20: Precision=1.000, Recall=1.000, F1=1.000.
[INFO]	18/03/2025 05:20:50 PM - Predição da 21ª instância de validação com modelo 'PPO'.
[INFO]	18/03/2025 05:20:51 PM - Instância 21: Acurácia=100.000%, TN=0.000%, TP=100.000%
[INFO]	18/03/2025 05:20:51 PM - Instância 21: Precision=1.000, Recall=1.000, F1=1.000.
[INFO]	18/03/2025 05:20:53 PM - Predição da 22ª instância de validação com modelo 'PPO'.
[INFO]	18/03/2025 05:20:54 PM - Instância 22: Acurácia=100.000%, TN=0.000%, TP=100.000%
[INFO]	18/03/2025 05:20:54 PM - Instância 22: Precision=1.000, Recall=1.000, F1=1.000.
[INFO]	18/03/2025 05:20:56 PM - Predição da 23ª instância de validação com modelo 'PPO'.
[INFO]	18/03/2025 05:20:56 PM - Instância 23: Acurácia=100.000%, TN=0.000%, TP=100.000%
[INFO]	18/03/2025 05:20:56 PM - Instância 23: Precision=1.000, Recall=1.000, F1=1.000.
[INFO]	18/03/2025 05:20:58 PM - Predição da 24ª instância de validação com modelo 'PPO'.
[INFO]	18/03/2025 05:20:58 PM - Instância 24: Acurácia=100.000%, TN=0.000%, TP=100.000%
[INFO]	18/03/2025 05:20:58 PM - Instância 24: Precision=1.000, Recall=1.000, F1=1.000.
[INFO]	18/03/2025 05:20:59 PM - Predição da 25ª instância de validação com modelo 'PPO'.
[INFO]	18/03/2025 05:21:01 PM - Instância 25: Acurácia=100.000%, TN=0.000%, TP=100.000%
[INFO]	18/03/2025 05:21:01 PM - Instância 25: Precision=1.000, Recall=1.000, F1=1.000.
[INFO]	18/03/2025 05:21:03 PM - Predição da 26ª instância de validação com modelo 'PPO'.
[INFO]	18/03/2025 05:21:14 PM - Instância 26: Acurácia=100.000%, TN=0.000%, TP=100.000%
[INFO]	18/03/2025 05:21:14 PM - Instância 26: Precision=1.000, Recall=1.000, F1=1.000.
[INFO]	18/03/2025 05:21:20 PM - Gráfico de métricas salvo em ..\..\img\metrics\Métricas_Flow Instability_PPO.png
[INFO]	18/03/2025 05:21:20 PM - Métricas numéricas salvas (append) em ..\metrics\Métricas_Flow Instability_PPO.txt
[INFO]	18/03/2025 05:21:20 PM - Acurácia final: 100.000% no conjunto de dados de validação
[INFO]	18/03/2025 05:21:20 PM - Precision=1.000, Recall=1.000, F1=1.000
[INFO]	18/03/2025 05:21:20 PM - Métricas calculadas para 7 wells.
[INFO]	18/03/2025 05:21:20 PM - Gráfico de acurácia por well salvo em ..\..\img\metrics\ACC-WELL_Flow Instability_PPO_10000.png
[INFO]	18/03/2025 05:21:20 PM - Métricas (well) salvas/atualizadas em ..\..\metrics\acc_by_well.csv
[INFO]	18/03/2025 05:21:20 PM - Concluído a execução do algoritmo PPO-real para o evento Flow Instability
