[INFO]	09/03/2025 11:34:03 AM - Iniciando carregamento do dataset
[INFO]	09/03/2025 11:34:03 AM - Total de 1019 instâncias real encontradas.
[INFO]	09/03/2025 11:34:04 AM - Total de 5 instâncias real carregadas para o evento Abrupt Increase of BSW.
[INFO]	09/03/2025 11:34:04 AM - Fim carregamento do dataset
[INFO]	09/03/2025 11:34:04 AM - Número de amostras da classe WELL-00001: 58320
[INFO]	09/03/2025 11:34:04 AM - Número de amostras de treino da classe WELL-00001: 46656
[INFO]	09/03/2025 11:34:04 AM - Número de amostras de teste da classe WELL-00001: 11664
[INFO]	09/03/2025 11:34:04 AM - Número de amostras da classe WELL-00002: 14254
[INFO]	09/03/2025 11:34:04 AM - Número de amostras de treino da classe WELL-00002: 11403
[INFO]	09/03/2025 11:34:04 AM - Número de amostras de teste da classe WELL-00002: 2851
[INFO]	09/03/2025 11:34:04 AM - Número de amostras da classe WELL-00006: 228877
[INFO]	09/03/2025 11:34:04 AM - Número de amostras de treino da classe WELL-00006: 183101
[INFO]	09/03/2025 11:34:04 AM - Número de amostras de teste da classe WELL-00006: 45776
[INFO]	09/03/2025 11:34:04 AM - Número de registros de treino: 241160
[INFO]	09/03/2025 11:34:04 AM - Número de registros de teste: 30145
[INFO]	09/03/2025 11:34:04 AM - Número de registros de validação: 30146
[INFO]	09/03/2025 11:34:05 AM - Fim da divisão do dataset em treino, teste e validação
[INFO]	09/03/2025 11:34:08 AM - TensorBoard started at http://localhost:6006/
[INFO]	09/03/2025 11:34:08 AM - Iniciando execução do algoritmo DQN-real para o evento Abrupt Increase of BSW com timesteps 1000
[INFO]	09/03/2025 11:34:08 AM - Iniciando treinamento do algoritmo DQN com 100000 timesteps
[INFO]	09/03/2025 11:34:08 AM - View TensorBoard logs with: tensorboard --logdir='..\models\Abrupt Increase of BSW-real\tensorboard_logs'
[INFO]	09/03/2025 11:36:23 AM - Final model saved at ..\models\Abrupt Increase of BSW-real\DQN\_DQN
[INFO]	09/03/2025 11:36:23 AM - Replay buffer saved at ..\models\Abrupt Increase of BSW-real\DQN\replay_buffer\dqn_save_replay_buffer
[INFO]	09/03/2025 11:36:23 AM - Tempo de Treinamento DQN: 135.12s
[INFO]	09/03/2025 11:36:23 AM - Iniciando avaliação do algoritmo DQN no conjunto de teste
[INFO]	09/03/2025 11:36:23 AM - Evaluating DQN model at ..\models\Abrupt Increase of BSW-real\DQN over 1 episodes.
[INFO]	09/03/2025 11:36:34 AM - Average accuracy for DQN: 1.0
[INFO]	09/03/2025 11:36:34 AM - Acurácia: 1.00000
[INFO]	09/03/2025 11:36:34 AM - Initialized ValidationModel for model 'DQN' and event 'Abrupt Increase of BSW'.
[INFO]	09/03/2025 11:36:34 AM - Starting validation for model 'DQN' on event 'Abrupt Increase of BSW' with accuracy 1.000.
[INFO]	09/03/2025 11:36:34 AM - Model accuracy is sufficient for validation (1.000 > 0.01).
[INFO]	09/03/2025 11:36:34 AM - Separated dataset into 4 groups based on time gap.
[INFO]	09/03/2025 11:36:34 AM - Validation dataset separated into 4 groups.
[INFO]	09/03/2025 11:36:34 AM - Starting prediction for instance 1 using model 'DQN'.
[INFO]	09/03/2025 11:36:35 AM - Completed prediction; total predictions: 5855
[INFO]	09/03/2025 11:36:35 AM - DataFrame created with 5855 entries.
[INFO]	09/03/2025 11:36:35 AM - Instance 1: Accuracy=91.426%, TN=0.000%, TP=91.426%
[INFO]	09/03/2025 11:36:35 AM - Instance 1: Precision=0.914, Recall=1.000, F1 Score=0.955.
[INFO]	09/03/2025 11:36:35 AM - Starting plotting for instance 1.
[INFO]	09/03/2025 11:36:35 AM - Starting monthly plot_sensor with base title '[0] - Abrupt Increase of BSW - DQN' for model 'DQN'.
[INFO]	09/03/2025 11:36:35 AM - Processing month 2014-01 with 5855 records.
[INFO]	09/03/2025 11:36:35 AM - Downsampled sensor data from 5855 to 500 points for month 2014-01.
[INFO]	09/03/2025 11:36:36 AM - Plot_sensor for month 2014-01 saved to ..\..\img\Abrupt Increase of BSW - DQN\[0] - Abrupt Increase of BSW - DQN - 2014-01.png
[INFO]	09/03/2025 11:36:36 AM - Completed plotting for instance 1.
[INFO]	09/03/2025 11:36:36 AM - Starting prediction for instance 2 using model 'DQN'.
[INFO]	09/03/2025 11:36:37 AM - Completed prediction; total predictions: 1426
[INFO]	09/03/2025 11:36:37 AM - DataFrame created with 1426 entries.
[INFO]	09/03/2025 11:36:37 AM - Instance 2: Accuracy=95.442%, TN=14.586%, TP=80.856%
[INFO]	09/03/2025 11:36:37 AM - Instance 2: Precision=0.947, Recall=1.000, F1 Score=0.973.
[INFO]	09/03/2025 11:36:37 AM - Starting plotting for instance 2.
[INFO]	09/03/2025 11:36:37 AM - Starting monthly plot_sensor with base title '[1] - Abrupt Increase of BSW - DQN' for model 'DQN'.
[INFO]	09/03/2025 11:36:37 AM - Processing month 2014-01 with 1426 records.
[INFO]	09/03/2025 11:36:37 AM - Downsampled sensor data from 1426 to 500 points for month 2014-01.
[INFO]	09/03/2025 11:36:38 AM - Plot_sensor for month 2014-01 saved to ..\..\img\Abrupt Increase of BSW - DQN\[1] - Abrupt Increase of BSW - DQN - 2014-01.png
[INFO]	09/03/2025 11:36:38 AM - Completed plotting for instance 2.
[INFO]	09/03/2025 11:36:38 AM - Starting prediction for instance 3 using model 'DQN'.
[INFO]	09/03/2025 11:36:41 AM - Completed prediction; total predictions: 17393
[INFO]	09/03/2025 11:36:41 AM - DataFrame created with 17393 entries.
[INFO]	09/03/2025 11:36:41 AM - Instance 3: Accuracy=1.943%, TN=1.253%, TP=0.690%
[INFO]	09/03/2025 11:36:41 AM - Instance 3: Precision=1.000, Recall=0.007, F1 Score=0.014.
[INFO]	09/03/2025 11:36:41 AM - Starting plotting for instance 3.
[INFO]	09/03/2025 11:36:41 AM - Starting monthly plot_sensor with base title '[2] - Abrupt Increase of BSW - DQN' for model 'DQN'.
[INFO]	09/03/2025 11:36:41 AM - Processing month 2017-07 with 2775 records.
[INFO]	09/03/2025 11:36:41 AM - Downsampled sensor data from 2775 to 500 points for month 2017-07.
[INFO]	09/03/2025 11:36:42 AM - Plot_sensor for month 2017-07 saved to ..\..\img\Abrupt Increase of BSW - DQN\[2] - Abrupt Increase of BSW - DQN - 2017-07.png
[INFO]	09/03/2025 11:36:42 AM - Processing month 2017-08 with 14618 records.
[INFO]	09/03/2025 11:36:42 AM - Downsampled sensor data from 14618 to 500 points for month 2017-08.
[INFO]	09/03/2025 11:36:54 AM - Plot_sensor for month 2017-08 saved to ..\..\img\Abrupt Increase of BSW - DQN\[2] - Abrupt Increase of BSW - DQN - 2017-08.png
[INFO]	09/03/2025 11:36:54 AM - Completed plotting for instance 3.
[INFO]	09/03/2025 11:36:54 AM - Starting prediction for instance 4 using model 'DQN'.
[INFO]	09/03/2025 11:36:55 AM - Completed prediction; total predictions: 5472
[INFO]	09/03/2025 11:36:55 AM - DataFrame created with 5472 entries.
[INFO]	09/03/2025 11:36:55 AM - Instance 4: Accuracy=98.337%, TN=0.000%, TP=98.337%
[INFO]	09/03/2025 11:36:55 AM - Instance 4: Precision=0.983, Recall=1.000, F1 Score=0.992.
[INFO]	09/03/2025 11:36:55 AM - Starting plotting for instance 4.
[INFO]	09/03/2025 11:36:55 AM - Starting monthly plot_sensor with base title '[3] - Abrupt Increase of BSW - DQN' for model 'DQN'.
[INFO]	09/03/2025 11:36:55 AM - Processing month 2018-06 with 5472 records.
[INFO]	09/03/2025 11:36:55 AM - Downsampled sensor data from 5472 to 500 points for month 2018-06.
[INFO]	09/03/2025 11:36:56 AM - Plot_sensor for month 2018-06 saved to ..\..\img\Abrupt Increase of BSW - DQN\[3] - Abrupt Increase of BSW - DQN - 2018-06.png
[INFO]	09/03/2025 11:36:56 AM - Completed plotting for instance 4.
[INFO]	09/03/2025 11:36:56 AM - Starting to plot and save overall validation metrics for model 'DQN'.
[INFO]	09/03/2025 11:36:56 AM - Saved metrics plot to ..\..\img\metrics\Métricas_Abrupt Increase of BSW_DQN.png
[INFO]	09/03/2025 11:36:56 AM - Saved metrics data to ..\metrics\Métricas_Abrupt Increase of BSW_DQN.txt
[INFO]	09/03/2025 11:36:56 AM - Completed plotting and saving metrics for model 'DQN'.
[INFO]	09/03/2025 11:36:56 AM - Final validation accuracy: 71.787%
[INFO]	09/03/2025 11:36:56 AM - Overall metrics: Precision=0.961, Recall=0.752, F1 Score=0.733.
[INFO]	09/03/2025 11:41:57 AM - Iniciando carregamento do dataset
[INFO]	09/03/2025 11:41:59 AM - Total de 1019 instâncias real encontradas.
[INFO]	09/03/2025 11:42:00 AM - Total de 5 instâncias real carregadas para o evento Abrupt Increase of BSW.
[INFO]	09/03/2025 11:42:33  - Fim carregamento do dataset
[INFO]	09/03/2025 11:42:37  - Número de amostras da classe WELL-00001: 58320
[INFO]	09/03/2025 11:42:37  - Número de amostras de treino da classe WELL-00001: 46656
[INFO]	09/03/2025 11:42:37  - Número de amostras de teste da classe WELL-00001: 11664
[INFO]	09/03/2025 11:42:37  - Número de amostras da classe WELL-00002: 14254
[INFO]	09/03/2025 11:42:37  - Número de amostras de treino da classe WELL-00002: 11403
[INFO]	09/03/2025 11:42:37  - Número de amostras de teste da classe WELL-00002: 2851
[INFO]	09/03/2025 11:42:37  - Número de amostras da classe WELL-00006: 228877
[INFO]	09/03/2025 11:42:37  - Número de amostras de treino da classe WELL-00006: 183101
[INFO]	09/03/2025 11:42:37  - Número de amostras de teste da classe WELL-00006: 45776
[INFO]	09/03/2025 11:42:37  - Número de registros de treino: 241160
[INFO]	09/03/2025 11:42:37  - Número de registros de teste: 30145
[INFO]	09/03/2025 11:42:37  - Número de registros de validação: 30146
[INFO]	09/03/2025 11:42:37  - Fim da divisão do dataset em treino, teste e validação
[ERROR]	09/03/2025 11:43:06  - Error launching TensorBoard: TensorBoard could not bind to port 6006, it was already in use
[INFO]	09/03/2025 11:43:06  - Iniciando execução do algoritmo DQN-real para o evento Abrupt Increase of BSW com timesteps 1000
[INFO]	09/03/2025 11:43:06  - Iniciando treinamento do algoritmo DQN com 100000 timesteps
[INFO]	09/03/2025 11:43:06  - View TensorBoard logs with: tensorboard --logdir='..\models\Abrupt Increase of BSW-real\tensorboard_logs'
